CRITICAL - 2023-10-14 00:00:35 --> You must set the database table to be used with your query.
in SYSTEMPATH\Database\BaseConnection.php on line 883.
 1 SYSTEMPATH\Model.php(635): CodeIgniter\Database\BaseConnection->table(null)
 2 SYSTEMPATH\Model.php(184): CodeIgniter\Model->builder()
 3 SYSTEMPATH\BaseModel.php(563): CodeIgniter\Model->doFind(false, null)
 4 APPPATH\Controllers\Crud.php(95): CodeIgniter\BaseModel->find(null)
 5 SYSTEMPATH\CodeIgniter.php(919): App\Controllers\Crud->buscar()
 6 SYSTEMPATH\CodeIgniter.php(494): CodeIgniter\CodeIgniter->runController(Object(App\Controllers\Crud))
 7 SYSTEMPATH\CodeIgniter.php(353): CodeIgniter\CodeIgniter->handleRequest(null, Object(Config\Cache), false)
 8 FCPATH\index.php(79): CodeIgniter\CodeIgniter->run()
CRITICAL - 2023-10-14 00:02:39 --> Too few arguments to function App\Controllers\Crud::buscar(), 0 passed in C:\xampp\htdocs\libreria\system\CodeIgniter.php on line 919 and exactly 1 expected
in APPPATH\Controllers\Crud.php on line 91.
 1 SYSTEMPATH\CodeIgniter.php(919): App\Controllers\Crud->buscar()
 2 SYSTEMPATH\CodeIgniter.php(494): CodeIgniter\CodeIgniter->runController(Object(App\Controllers\Crud))
 3 SYSTEMPATH\CodeIgniter.php(353): CodeIgniter\CodeIgniter->handleRequest(null, Object(Config\Cache), false)
 4 FCPATH\index.php(79): CodeIgniter\CodeIgniter->run()
CRITICAL - 2023-10-14 00:02:41 --> Too few arguments to function App\Controllers\Crud::buscar(), 0 passed in C:\xampp\htdocs\libreria\system\CodeIgniter.php on line 919 and exactly 1 expected
in APPPATH\Controllers\Crud.php on line 91.
 1 SYSTEMPATH\CodeIgniter.php(919): App\Controllers\Crud->buscar()
 2 SYSTEMPATH\CodeIgniter.php(494): CodeIgniter\CodeIgniter->runController(Object(App\Controllers\Crud))
 3 SYSTEMPATH\CodeIgniter.php(353): CodeIgniter\CodeIgniter->handleRequest(null, Object(Config\Cache), false)
 4 FCPATH\index.php(79): CodeIgniter\CodeIgniter->run()
CRITICAL - 2023-10-14 00:02:43 --> Too few arguments to function App\Controllers\Crud::buscar(), 0 passed in C:\xampp\htdocs\libreria\system\CodeIgniter.php on line 919 and exactly 1 expected
in APPPATH\Controllers\Crud.php on line 91.
 1 SYSTEMPATH\CodeIgniter.php(919): App\Controllers\Crud->buscar()
 2 SYSTEMPATH\CodeIgniter.php(494): CodeIgniter\CodeIgniter->runController(Object(App\Controllers\Crud))
 3 SYSTEMPATH\CodeIgniter.php(353): CodeIgniter\CodeIgniter->handleRequest(null, Object(Config\Cache), false)
 4 FCPATH\index.php(79): CodeIgniter\CodeIgniter->run()
CRITICAL - 2023-10-14 00:02:55 --> Too few arguments to function App\Controllers\Crud::buscar(), 0 passed in C:\xampp\htdocs\libreria\system\CodeIgniter.php on line 919 and exactly 1 expected
in APPPATH\Controllers\Crud.php on line 91.
 1 SYSTEMPATH\CodeIgniter.php(919): App\Controllers\Crud->buscar()
 2 SYSTEMPATH\CodeIgniter.php(494): CodeIgniter\CodeIgniter->runController(Object(App\Controllers\Crud))
 3 SYSTEMPATH\CodeIgniter.php(353): CodeIgniter\CodeIgniter->handleRequest(null, Object(Config\Cache), false)
 4 FCPATH\index.php(79): CodeIgniter\CodeIgniter->run()
CRITICAL - 2023-10-14 00:02:58 --> Too few arguments to function App\Controllers\Crud::buscar(), 0 passed in C:\xampp\htdocs\libreria\system\CodeIgniter.php on line 919 and exactly 1 expected
in APPPATH\Controllers\Crud.php on line 91.
 1 SYSTEMPATH\CodeIgniter.php(919): App\Controllers\Crud->buscar()
 2 SYSTEMPATH\CodeIgniter.php(494): CodeIgniter\CodeIgniter->runController(Object(App\Controllers\Crud))
 3 SYSTEMPATH\CodeIgniter.php(353): CodeIgniter\CodeIgniter->handleRequest(null, Object(Config\Cache), false)
 4 FCPATH\index.php(79): CodeIgniter\CodeIgniter->run()
CRITICAL - 2023-10-14 01:13:49 --> Undefined variable $key
in APPPATH\Views\listado.php on line 29.
 1 APPPATH\Views\listado.php(29): CodeIgniter\Debug\Exceptions->errorHandler(2, 'Undefined variable $key', 'C:\\xampp\\htdocs\\libreria\\app\\Views\\listado.php', 29)
 2 SYSTEMPATH\View\View.php(226): include('C:\\xampp\\htdocs\\libreria\\app\\Views\\listado.php')
 3 SYSTEMPATH\View\View.php(229): CodeIgniter\View\View->CodeIgniter\View\{closure}()
 4 SYSTEMPATH\Common.php(1188): CodeIgniter\View\View->render('listado', [], true)
 5 APPPATH\Controllers\Crud.php(20): view('listado', [...])
 6 SYSTEMPATH\CodeIgniter.php(919): App\Controllers\Crud->index()
 7 SYSTEMPATH\CodeIgniter.php(494): CodeIgniter\CodeIgniter->runController(Object(App\Controllers\Crud))
 8 SYSTEMPATH\CodeIgniter.php(353): CodeIgniter\CodeIgniter->handleRequest(null, Object(Config\Cache), false)
 9 FCPATH\index.php(79): CodeIgniter\CodeIgniter->run()
CRITICAL - 2023-10-14 01:14:00 --> Undefined variable $key
in APPPATH\Views\listado.php on line 29.
 1 APPPATH\Views\listado.php(29): CodeIgniter\Debug\Exceptions->errorHandler(2, 'Undefined variable $key', 'C:\\xampp\\htdocs\\libreria\\app\\Views\\listado.php', 29)
 2 SYSTEMPATH\View\View.php(226): include('C:\\xampp\\htdocs\\libreria\\app\\Views\\listado.php')
 3 SYSTEMPATH\View\View.php(229): CodeIgniter\View\View->CodeIgniter\View\{closure}()
 4 SYSTEMPATH\Common.php(1188): CodeIgniter\View\View->render('listado', [], true)
 5 APPPATH\Controllers\Crud.php(20): view('listado', [...])
 6 SYSTEMPATH\CodeIgniter.php(919): App\Controllers\Crud->index()
 7 SYSTEMPATH\CodeIgniter.php(494): CodeIgniter\CodeIgniter->runController(Object(App\Controllers\Crud))
 8 SYSTEMPATH\CodeIgniter.php(353): CodeIgniter\CodeIgniter->handleRequest(null, Object(Config\Cache), false)
 9 FCPATH\index.php(79): CodeIgniter\CodeIgniter->run()
CRITICAL - 2023-10-14 01:14:01 --> Undefined variable $key
in APPPATH\Views\listado.php on line 29.
 1 APPPATH\Views\listado.php(29): CodeIgniter\Debug\Exceptions->errorHandler(2, 'Undefined variable $key', 'C:\\xampp\\htdocs\\libreria\\app\\Views\\listado.php', 29)
 2 SYSTEMPATH\View\View.php(226): include('C:\\xampp\\htdocs\\libreria\\app\\Views\\listado.php')
 3 SYSTEMPATH\View\View.php(229): CodeIgniter\View\View->CodeIgniter\View\{closure}()
 4 SYSTEMPATH\Common.php(1188): CodeIgniter\View\View->render('listado', [], true)
 5 APPPATH\Controllers\Crud.php(20): view('listado', [...])
 6 SYSTEMPATH\CodeIgniter.php(919): App\Controllers\Crud->index()
 7 SYSTEMPATH\CodeIgniter.php(494): CodeIgniter\CodeIgniter->runController(Object(App\Controllers\Crud))
 8 SYSTEMPATH\CodeIgniter.php(353): CodeIgniter\CodeIgniter->handleRequest(null, Object(Config\Cache), false)
 9 FCPATH\index.php(79): CodeIgniter\CodeIgniter->run()
CRITICAL - 2023-10-14 01:14:01 --> Undefined variable $key
in APPPATH\Views\listado.php on line 29.
 1 APPPATH\Views\listado.php(29): CodeIgniter\Debug\Exceptions->errorHandler(2, 'Undefined variable $key', 'C:\\xampp\\htdocs\\libreria\\app\\Views\\listado.php', 29)
 2 SYSTEMPATH\View\View.php(226): include('C:\\xampp\\htdocs\\libreria\\app\\Views\\listado.php')
 3 SYSTEMPATH\View\View.php(229): CodeIgniter\View\View->CodeIgniter\View\{closure}()
 4 SYSTEMPATH\Common.php(1188): CodeIgniter\View\View->render('listado', [], true)
 5 APPPATH\Controllers\Crud.php(20): view('listado', [...])
 6 SYSTEMPATH\CodeIgniter.php(919): App\Controllers\Crud->index()
 7 SYSTEMPATH\CodeIgniter.php(494): CodeIgniter\CodeIgniter->runController(Object(App\Controllers\Crud))
 8 SYSTEMPATH\CodeIgniter.php(353): CodeIgniter\CodeIgniter->handleRequest(null, Object(Config\Cache), false)
 9 FCPATH\index.php(79): CodeIgniter\CodeIgniter->run()
CRITICAL - 2023-10-14 01:14:01 --> Undefined variable $key
in APPPATH\Views\listado.php on line 29.
 1 APPPATH\Views\listado.php(29): CodeIgniter\Debug\Exceptions->errorHandler(2, 'Undefined variable $key', 'C:\\xampp\\htdocs\\libreria\\app\\Views\\listado.php', 29)
 2 SYSTEMPATH\View\View.php(226): include('C:\\xampp\\htdocs\\libreria\\app\\Views\\listado.php')
 3 SYSTEMPATH\View\View.php(229): CodeIgniter\View\View->CodeIgniter\View\{closure}()
 4 SYSTEMPATH\Common.php(1188): CodeIgniter\View\View->render('listado', [], true)
 5 APPPATH\Controllers\Crud.php(20): view('listado', [...])
 6 SYSTEMPATH\CodeIgniter.php(919): App\Controllers\Crud->index()
 7 SYSTEMPATH\CodeIgniter.php(494): CodeIgniter\CodeIgniter->runController(Object(App\Controllers\Crud))
 8 SYSTEMPATH\CodeIgniter.php(353): CodeIgniter\CodeIgniter->handleRequest(null, Object(Config\Cache), false)
 9 FCPATH\index.php(79): CodeIgniter\CodeIgniter->run()
CRITICAL - 2023-10-14 01:14:01 --> Undefined variable $key
in APPPATH\Views\listado.php on line 29.
 1 APPPATH\Views\listado.php(29): CodeIgniter\Debug\Exceptions->errorHandler(2, 'Undefined variable $key', 'C:\\xampp\\htdocs\\libreria\\app\\Views\\listado.php', 29)
 2 SYSTEMPATH\View\View.php(226): include('C:\\xampp\\htdocs\\libreria\\app\\Views\\listado.php')
 3 SYSTEMPATH\View\View.php(229): CodeIgniter\View\View->CodeIgniter\View\{closure}()
 4 SYSTEMPATH\Common.php(1188): CodeIgniter\View\View->render('listado', [], true)
 5 APPPATH\Controllers\Crud.php(20): view('listado', [...])
 6 SYSTEMPATH\CodeIgniter.php(919): App\Controllers\Crud->index()
 7 SYSTEMPATH\CodeIgniter.php(494): CodeIgniter\CodeIgniter->runController(Object(App\Controllers\Crud))
 8 SYSTEMPATH\CodeIgniter.php(353): CodeIgniter\CodeIgniter->handleRequest(null, Object(Config\Cache), false)
 9 FCPATH\index.php(79): CodeIgniter\CodeIgniter->run()
CRITICAL - 2023-10-14 01:15:51 --> Attempt to assign property "id" on null
in APPPATH\Views\listado.php on line 29.
 1 SYSTEMPATH\View\View.php(226): include()
 2 SYSTEMPATH\View\View.php(229): CodeIgniter\View\View->CodeIgniter\View\{closure}()
 3 SYSTEMPATH\Common.php(1188): CodeIgniter\View\View->render('listado', [], true)
 4 APPPATH\Controllers\Crud.php(20): view('listado', [...])
 5 SYSTEMPATH\CodeIgniter.php(919): App\Controllers\Crud->index()
 6 SYSTEMPATH\CodeIgniter.php(494): CodeIgniter\CodeIgniter->runController(Object(App\Controllers\Crud))
 7 SYSTEMPATH\CodeIgniter.php(353): CodeIgniter\CodeIgniter->handleRequest(null, Object(Config\Cache), false)
 8 FCPATH\index.php(79): CodeIgniter\CodeIgniter->run()
CRITICAL - 2023-10-14 01:15:51 --> Attempt to assign property "id" on null
in APPPATH\Views\listado.php on line 29.
 1 SYSTEMPATH\View\View.php(226): include()
 2 SYSTEMPATH\View\View.php(229): CodeIgniter\View\View->CodeIgniter\View\{closure}()
 3 SYSTEMPATH\Common.php(1188): CodeIgniter\View\View->render('listado', [], true)
 4 APPPATH\Controllers\Crud.php(20): view('listado', [...])
 5 SYSTEMPATH\CodeIgniter.php(919): App\Controllers\Crud->index()
 6 SYSTEMPATH\CodeIgniter.php(494): CodeIgniter\CodeIgniter->runController(Object(App\Controllers\Crud))
 7 SYSTEMPATH\CodeIgniter.php(353): CodeIgniter\CodeIgniter->handleRequest(null, Object(Config\Cache), false)
 8 FCPATH\index.php(79): CodeIgniter\CodeIgniter->run()
CRITICAL - 2023-10-14 01:15:52 --> Attempt to assign property "id" on null
in APPPATH\Views\listado.php on line 29.
 1 SYSTEMPATH\View\View.php(226): include()
 2 SYSTEMPATH\View\View.php(229): CodeIgniter\View\View->CodeIgniter\View\{closure}()
 3 SYSTEMPATH\Common.php(1188): CodeIgniter\View\View->render('listado', [], true)
 4 APPPATH\Controllers\Crud.php(20): view('listado', [...])
 5 SYSTEMPATH\CodeIgniter.php(919): App\Controllers\Crud->index()
 6 SYSTEMPATH\CodeIgniter.php(494): CodeIgniter\CodeIgniter->runController(Object(App\Controllers\Crud))
 7 SYSTEMPATH\CodeIgniter.php(353): CodeIgniter\CodeIgniter->handleRequest(null, Object(Config\Cache), false)
 8 FCPATH\index.php(79): CodeIgniter\CodeIgniter->run()
CRITICAL - 2023-10-14 01:15:53 --> Attempt to assign property "id" on null
in APPPATH\Views\listado.php on line 29.
 1 SYSTEMPATH\View\View.php(226): include()
 2 SYSTEMPATH\View\View.php(229): CodeIgniter\View\View->CodeIgniter\View\{closure}()
 3 SYSTEMPATH\Common.php(1188): CodeIgniter\View\View->render('listado', [], true)
 4 APPPATH\Controllers\Crud.php(20): view('listado', [...])
 5 SYSTEMPATH\CodeIgniter.php(919): App\Controllers\Crud->index()
 6 SYSTEMPATH\CodeIgniter.php(494): CodeIgniter\CodeIgniter->runController(Object(App\Controllers\Crud))
 7 SYSTEMPATH\CodeIgniter.php(353): CodeIgniter\CodeIgniter->handleRequest(null, Object(Config\Cache), false)
 8 FCPATH\index.php(79): CodeIgniter\CodeIgniter->run()
CRITICAL - 2023-10-14 01:15:53 --> Attempt to assign property "id" on null
in APPPATH\Views\listado.php on line 29.
 1 SYSTEMPATH\View\View.php(226): include()
 2 SYSTEMPATH\View\View.php(229): CodeIgniter\View\View->CodeIgniter\View\{closure}()
 3 SYSTEMPATH\Common.php(1188): CodeIgniter\View\View->render('listado', [], true)
 4 APPPATH\Controllers\Crud.php(20): view('listado', [...])
 5 SYSTEMPATH\CodeIgniter.php(919): App\Controllers\Crud->index()
 6 SYSTEMPATH\CodeIgniter.php(494): CodeIgniter\CodeIgniter->runController(Object(App\Controllers\Crud))
 7 SYSTEMPATH\CodeIgniter.php(353): CodeIgniter\CodeIgniter->handleRequest(null, Object(Config\Cache), false)
 8 FCPATH\index.php(79): CodeIgniter\CodeIgniter->run()
CRITICAL - 2023-10-14 01:15:53 --> Attempt to assign property "id" on null
in APPPATH\Views\listado.php on line 29.
 1 SYSTEMPATH\View\View.php(226): include()
 2 SYSTEMPATH\View\View.php(229): CodeIgniter\View\View->CodeIgniter\View\{closure}()
 3 SYSTEMPATH\Common.php(1188): CodeIgniter\View\View->render('listado', [], true)
 4 APPPATH\Controllers\Crud.php(20): view('listado', [...])
 5 SYSTEMPATH\CodeIgniter.php(919): App\Controllers\Crud->index()
 6 SYSTEMPATH\CodeIgniter.php(494): CodeIgniter\CodeIgniter->runController(Object(App\Controllers\Crud))
 7 SYSTEMPATH\CodeIgniter.php(353): CodeIgniter\CodeIgniter->handleRequest(null, Object(Config\Cache), false)
 8 FCPATH\index.php(79): CodeIgniter\CodeIgniter->run()
CRITICAL - 2023-10-14 01:15:54 --> Attempt to assign property "id" on null
in APPPATH\Views\listado.php on line 29.
 1 SYSTEMPATH\View\View.php(226): include()
 2 SYSTEMPATH\View\View.php(229): CodeIgniter\View\View->CodeIgniter\View\{closure}()
 3 SYSTEMPATH\Common.php(1188): CodeIgniter\View\View->render('listado', [], true)
 4 APPPATH\Controllers\Crud.php(20): view('listado', [...])
 5 SYSTEMPATH\CodeIgniter.php(919): App\Controllers\Crud->index()
 6 SYSTEMPATH\CodeIgniter.php(494): CodeIgniter\CodeIgniter->runController(Object(App\Controllers\Crud))
 7 SYSTEMPATH\CodeIgniter.php(353): CodeIgniter\CodeIgniter->handleRequest(null, Object(Config\Cache), false)
 8 FCPATH\index.php(79): CodeIgniter\CodeIgniter->run()
CRITICAL - 2023-10-14 01:15:54 --> Attempt to assign property "id" on null
in APPPATH\Views\listado.php on line 29.
 1 SYSTEMPATH\View\View.php(226): include()
 2 SYSTEMPATH\View\View.php(229): CodeIgniter\View\View->CodeIgniter\View\{closure}()
 3 SYSTEMPATH\Common.php(1188): CodeIgniter\View\View->render('listado', [], true)
 4 APPPATH\Controllers\Crud.php(20): view('listado', [...])
 5 SYSTEMPATH\CodeIgniter.php(919): App\Controllers\Crud->index()
 6 SYSTEMPATH\CodeIgniter.php(494): CodeIgniter\CodeIgniter->runController(Object(App\Controllers\Crud))
 7 SYSTEMPATH\CodeIgniter.php(353): CodeIgniter\CodeIgniter->handleRequest(null, Object(Config\Cache), false)
 8 FCPATH\index.php(79): CodeIgniter\CodeIgniter->run()
CRITICAL - 2023-10-14 01:15:54 --> Attempt to assign property "id" on null
in APPPATH\Views\listado.php on line 29.
 1 SYSTEMPATH\View\View.php(226): include()
 2 SYSTEMPATH\View\View.php(229): CodeIgniter\View\View->CodeIgniter\View\{closure}()
 3 SYSTEMPATH\Common.php(1188): CodeIgniter\View\View->render('listado', [], true)
 4 APPPATH\Controllers\Crud.php(20): view('listado', [...])
 5 SYSTEMPATH\CodeIgniter.php(919): App\Controllers\Crud->index()
 6 SYSTEMPATH\CodeIgniter.php(494): CodeIgniter\CodeIgniter->runController(Object(App\Controllers\Crud))
 7 SYSTEMPATH\CodeIgniter.php(353): CodeIgniter\CodeIgniter->handleRequest(null, Object(Config\Cache), false)
 8 FCPATH\index.php(79): CodeIgniter\CodeIgniter->run()
CRITICAL - 2023-10-14 02:18:21 --> Undefined variable $key
in APPPATH\Views\listado.php on line 30.
 1 APPPATH\Views\listado.php(30): CodeIgniter\Debug\Exceptions->errorHandler(2, 'Undefined variable $key', 'C:\\xampp\\htdocs\\libreria\\app\\Views\\listado.php', 30)
 2 SYSTEMPATH\View\View.php(226): include('C:\\xampp\\htdocs\\libreria\\app\\Views\\listado.php')
 3 SYSTEMPATH\View\View.php(229): CodeIgniter\View\View->CodeIgniter\View\{closure}()
 4 SYSTEMPATH\Common.php(1188): CodeIgniter\View\View->render('listado', [], true)
 5 APPPATH\Controllers\Crud.php(20): view('listado', [...])
 6 SYSTEMPATH\CodeIgniter.php(919): App\Controllers\Crud->index()
 7 SYSTEMPATH\CodeIgniter.php(494): CodeIgniter\CodeIgniter->runController(Object(App\Controllers\Crud))
 8 SYSTEMPATH\CodeIgniter.php(353): CodeIgniter\CodeIgniter->handleRequest(null, Object(Config\Cache), false)
 9 FCPATH\index.php(79): CodeIgniter\CodeIgniter->run()
CRITICAL - 2023-10-14 04:35:28 --> Trait "System\API\ResponseTrait" not found
in APPPATH\Controllers\Crud.php on line 8.
 1 [internal function]: CodeIgniter\Debug\Exceptions->shutdownHandler()
CRITICAL - 2023-10-14 04:35:29 --> Trait "System\API\ResponseTrait" not found
in APPPATH\Controllers\Crud.php on line 8.
 1 [internal function]: CodeIgniter\Debug\Exceptions->shutdownHandler()
CRITICAL - 2023-10-14 04:35:29 --> Trait "System\API\ResponseTrait" not found
in APPPATH\Controllers\Crud.php on line 8.
 1 [internal function]: CodeIgniter\Debug\Exceptions->shutdownHandler()
CRITICAL - 2023-10-14 04:35:29 --> Trait "System\API\ResponseTrait" not found
in APPPATH\Controllers\Crud.php on line 8.
 1 [internal function]: CodeIgniter\Debug\Exceptions->shutdownHandler()
CRITICAL - 2023-10-14 04:35:29 --> Trait "System\API\ResponseTrait" not found
in APPPATH\Controllers\Crud.php on line 8.
 1 [internal function]: CodeIgniter\Debug\Exceptions->shutdownHandler()
CRITICAL - 2023-10-14 04:37:00 --> Trait "System\API\ResponseTrait" not found
in APPPATH\Controllers\Crud.php on line 8.
 1 [internal function]: CodeIgniter\Debug\Exceptions->shutdownHandler()
CRITICAL - 2023-10-14 04:37:36 --> Trait "System\API\ResponseTrait" not found
in APPPATH\Controllers\Crud.php on line 8.
 1 [internal function]: CodeIgniter\Debug\Exceptions->shutdownHandler()
CRITICAL - 2023-10-14 04:37:37 --> Trait "System\API\ResponseTrait" not found
in APPPATH\Controllers\Crud.php on line 8.
 1 [internal function]: CodeIgniter\Debug\Exceptions->shutdownHandler()
CRITICAL - 2023-10-14 04:37:37 --> Trait "System\API\ResponseTrait" not found
in APPPATH\Controllers\Crud.php on line 8.
 1 [internal function]: CodeIgniter\Debug\Exceptions->shutdownHandler()
CRITICAL - 2023-10-14 04:37:37 --> Trait "System\API\ResponseTrait" not found
in APPPATH\Controllers\Crud.php on line 8.
 1 [internal function]: CodeIgniter\Debug\Exceptions->shutdownHandler()
CRITICAL - 2023-10-14 04:37:38 --> Trait "System\API\ResponseTrait" not found
in APPPATH\Controllers\Crud.php on line 8.
 1 [internal function]: CodeIgniter\Debug\Exceptions->shutdownHandler()
