CRITICAL - 2023-10-12 06:22:11 --> Invalid file: "welcome_message.php"
in SYSTEMPATH\Exceptions\FrameworkException.php on line 39.
 1 SYSTEMPATH\View\View.php(214): CodeIgniter\Exceptions\FrameworkException::forInvalidFile('welcome_message.php')
 2 SYSTEMPATH\Common.php(1188): CodeIgniter\View\View->render('welcome_message', [], true)
 3 APPPATH\Controllers\Home.php(9): view('welcome_message')
 4 SYSTEMPATH\CodeIgniter.php(919): App\Controllers\Home->index()
 5 SYSTEMPATH\CodeIgniter.php(494): CodeIgniter\CodeIgniter->runController(Object(App\Controllers\Home))
 6 SYSTEMPATH\CodeIgniter.php(353): CodeIgniter\CodeIgniter->handleRequest(null, Object(Config\Cache), false)
 7 FCPATH\index.php(79): CodeIgniter\CodeIgniter->run()
CRITICAL - 2023-10-12 06:22:20 --> Invalid file: "welcome_message.php"
in SYSTEMPATH\Exceptions\FrameworkException.php on line 39.
 1 SYSTEMPATH\View\View.php(214): CodeIgniter\Exceptions\FrameworkException::forInvalidFile('welcome_message.php')
 2 SYSTEMPATH\Common.php(1188): CodeIgniter\View\View->render('welcome_message', [], true)
 3 APPPATH\Controllers\Home.php(9): view('welcome_message')
 4 SYSTEMPATH\CodeIgniter.php(919): App\Controllers\Home->index()
 5 SYSTEMPATH\CodeIgniter.php(494): CodeIgniter\CodeIgniter->runController(Object(App\Controllers\Home))
 6 SYSTEMPATH\CodeIgniter.php(353): CodeIgniter\CodeIgniter->handleRequest(null, Object(Config\Cache), false)
 7 FCPATH\index.php(79): CodeIgniter\CodeIgniter->run()
CRITICAL - 2023-10-12 06:22:23 --> Invalid file: "welcome_message.php"
in SYSTEMPATH\Exceptions\FrameworkException.php on line 39.
 1 SYSTEMPATH\View\View.php(214): CodeIgniter\Exceptions\FrameworkException::forInvalidFile('welcome_message.php')
 2 SYSTEMPATH\Common.php(1188): CodeIgniter\View\View->render('welcome_message', [], true)
 3 APPPATH\Controllers\Home.php(9): view('welcome_message')
 4 SYSTEMPATH\CodeIgniter.php(919): App\Controllers\Home->index()
 5 SYSTEMPATH\CodeIgniter.php(494): CodeIgniter\CodeIgniter->runController(Object(App\Controllers\Home))
 6 SYSTEMPATH\CodeIgniter.php(353): CodeIgniter\CodeIgniter->handleRequest(null, Object(Config\Cache), false)
 7 FCPATH\index.php(79): CodeIgniter\CodeIgniter->run()
CRITICAL - 2023-10-12 06:22:28 --> Invalid file: "welcome_message.php"
in SYSTEMPATH\Exceptions\FrameworkException.php on line 39.
 1 SYSTEMPATH\View\View.php(214): CodeIgniter\Exceptions\FrameworkException::forInvalidFile('welcome_message.php')
 2 SYSTEMPATH\Common.php(1188): CodeIgniter\View\View->render('welcome_message', [], true)
 3 APPPATH\Controllers\Home.php(9): view('welcome_message')
 4 SYSTEMPATH\CodeIgniter.php(919): App\Controllers\Home->index()
 5 SYSTEMPATH\CodeIgniter.php(494): CodeIgniter\CodeIgniter->runController(Object(App\Controllers\Home))
 6 SYSTEMPATH\CodeIgniter.php(353): CodeIgniter\CodeIgniter->handleRequest(null, Object(Config\Cache), false)
 7 FCPATH\index.php(79): CodeIgniter\CodeIgniter->run()
CRITICAL - 2023-10-12 06:22:30 --> Invalid file: "welcome_message.php"
in SYSTEMPATH\Exceptions\FrameworkException.php on line 39.
 1 SYSTEMPATH\View\View.php(214): CodeIgniter\Exceptions\FrameworkException::forInvalidFile('welcome_message.php')
 2 SYSTEMPATH\Common.php(1188): CodeIgniter\View\View->render('welcome_message', [], true)
 3 APPPATH\Controllers\Home.php(9): view('welcome_message')
 4 SYSTEMPATH\CodeIgniter.php(919): App\Controllers\Home->index()
 5 SYSTEMPATH\CodeIgniter.php(494): CodeIgniter\CodeIgniter->runController(Object(App\Controllers\Home))
 6 SYSTEMPATH\CodeIgniter.php(353): CodeIgniter\CodeIgniter->handleRequest(null, Object(Config\Cache), false)
 7 FCPATH\index.php(79): CodeIgniter\CodeIgniter->run()
CRITICAL - 2023-10-12 06:22:46 --> Invalid file: "welcome_message.php"
in SYSTEMPATH\Exceptions\FrameworkException.php on line 39.
 1 SYSTEMPATH\View\View.php(214): CodeIgniter\Exceptions\FrameworkException::forInvalidFile('welcome_message.php')
 2 SYSTEMPATH\Common.php(1188): CodeIgniter\View\View->render('welcome_message', [], true)
 3 APPPATH\Controllers\Home.php(9): view('welcome_message')
 4 SYSTEMPATH\CodeIgniter.php(919): App\Controllers\Home->index()
 5 SYSTEMPATH\CodeIgniter.php(494): CodeIgniter\CodeIgniter->runController(Object(App\Controllers\Home))
 6 SYSTEMPATH\CodeIgniter.php(353): CodeIgniter\CodeIgniter->handleRequest(null, Object(Config\Cache), false)
 7 FCPATH\index.php(79): CodeIgniter\CodeIgniter->run()
CRITICAL - 2023-10-12 06:23:31 --> Invalid file: "welcome_message.php"
in SYSTEMPATH\Exceptions\FrameworkException.php on line 39.
 1 SYSTEMPATH\View\View.php(214): CodeIgniter\Exceptions\FrameworkException::forInvalidFile('welcome_message.php')
 2 SYSTEMPATH\Common.php(1188): CodeIgniter\View\View->render('welcome_message', [], true)
 3 APPPATH\Controllers\Home.php(9): view('welcome_message')
 4 SYSTEMPATH\CodeIgniter.php(919): App\Controllers\Home->index()
 5 SYSTEMPATH\CodeIgniter.php(494): CodeIgniter\CodeIgniter->runController(Object(App\Controllers\Home))
 6 SYSTEMPATH\CodeIgniter.php(353): CodeIgniter\CodeIgniter->handleRequest(null, Object(Config\Cache), false)
 7 FCPATH\index.php(79): CodeIgniter\CodeIgniter->run()
CRITICAL - 2023-10-12 06:23:32 --> Invalid file: "welcome_message.php"
in SYSTEMPATH\Exceptions\FrameworkException.php on line 39.
 1 SYSTEMPATH\View\View.php(214): CodeIgniter\Exceptions\FrameworkException::forInvalidFile('welcome_message.php')
 2 SYSTEMPATH\Common.php(1188): CodeIgniter\View\View->render('welcome_message', [], true)
 3 APPPATH\Controllers\Home.php(9): view('welcome_message')
 4 SYSTEMPATH\CodeIgniter.php(919): App\Controllers\Home->index()
 5 SYSTEMPATH\CodeIgniter.php(494): CodeIgniter\CodeIgniter->runController(Object(App\Controllers\Home))
 6 SYSTEMPATH\CodeIgniter.php(353): CodeIgniter\CodeIgniter->handleRequest(null, Object(Config\Cache), false)
 7 FCPATH\index.php(79): CodeIgniter\CodeIgniter->run()
CRITICAL - 2023-10-12 06:23:33 --> Invalid file: "welcome_message.php"
in SYSTEMPATH\Exceptions\FrameworkException.php on line 39.
 1 SYSTEMPATH\View\View.php(214): CodeIgniter\Exceptions\FrameworkException::forInvalidFile('welcome_message.php')
 2 SYSTEMPATH\Common.php(1188): CodeIgniter\View\View->render('welcome_message', [], true)
 3 APPPATH\Controllers\Home.php(9): view('welcome_message')
 4 SYSTEMPATH\CodeIgniter.php(919): App\Controllers\Home->index()
 5 SYSTEMPATH\CodeIgniter.php(494): CodeIgniter\CodeIgniter->runController(Object(App\Controllers\Home))
 6 SYSTEMPATH\CodeIgniter.php(353): CodeIgniter\CodeIgniter->handleRequest(null, Object(Config\Cache), false)
 7 FCPATH\index.php(79): CodeIgniter\CodeIgniter->run()
CRITICAL - 2023-10-12 06:23:33 --> Invalid file: "welcome_message.php"
in SYSTEMPATH\Exceptions\FrameworkException.php on line 39.
 1 SYSTEMPATH\View\View.php(214): CodeIgniter\Exceptions\FrameworkException::forInvalidFile('welcome_message.php')
 2 SYSTEMPATH\Common.php(1188): CodeIgniter\View\View->render('welcome_message', [], true)
 3 APPPATH\Controllers\Home.php(9): view('welcome_message')
 4 SYSTEMPATH\CodeIgniter.php(919): App\Controllers\Home->index()
 5 SYSTEMPATH\CodeIgniter.php(494): CodeIgniter\CodeIgniter->runController(Object(App\Controllers\Home))
 6 SYSTEMPATH\CodeIgniter.php(353): CodeIgniter\CodeIgniter->handleRequest(null, Object(Config\Cache), false)
 7 FCPATH\index.php(79): CodeIgniter\CodeIgniter->run()
CRITICAL - 2023-10-12 06:25:50 --> Invalid file: "welcome_message.php"
in SYSTEMPATH\Exceptions\FrameworkException.php on line 39.
 1 SYSTEMPATH\View\View.php(214): CodeIgniter\Exceptions\FrameworkException::forInvalidFile('welcome_message.php')
 2 SYSTEMPATH\Common.php(1188): CodeIgniter\View\View->render('welcome_message', [], true)
 3 APPPATH\Controllers\Home.php(9): view('welcome_message')
 4 SYSTEMPATH\CodeIgniter.php(919): App\Controllers\Home->index()
 5 SYSTEMPATH\CodeIgniter.php(494): CodeIgniter\CodeIgniter->runController(Object(App\Controllers\Home))
 6 SYSTEMPATH\CodeIgniter.php(353): CodeIgniter\CodeIgniter->handleRequest(null, Object(Config\Cache), false)
 7 FCPATH\index.php(79): CodeIgniter\CodeIgniter->run()
CRITICAL - 2023-10-12 06:26:35 --> Invalid file: "index.php"
in SYSTEMPATH\Exceptions\FrameworkException.php on line 39.
 1 SYSTEMPATH\View\View.php(214): CodeIgniter\Exceptions\FrameworkException::forInvalidFile('index.php')
 2 SYSTEMPATH\Common.php(1188): CodeIgniter\View\View->render('index', [], true)
 3 APPPATH\Controllers\Home.php(9): view('index')
 4 SYSTEMPATH\CodeIgniter.php(919): App\Controllers\Home->index()
 5 SYSTEMPATH\CodeIgniter.php(494): CodeIgniter\CodeIgniter->runController(Object(App\Controllers\Home))
 6 SYSTEMPATH\CodeIgniter.php(353): CodeIgniter\CodeIgniter->handleRequest(null, Object(Config\Cache), false)
 7 FCPATH\index.php(79): CodeIgniter\CodeIgniter->run()
CRITICAL - 2023-10-12 06:26:36 --> Invalid file: "index.php"
in SYSTEMPATH\Exceptions\FrameworkException.php on line 39.
 1 SYSTEMPATH\View\View.php(214): CodeIgniter\Exceptions\FrameworkException::forInvalidFile('index.php')
 2 SYSTEMPATH\Common.php(1188): CodeIgniter\View\View->render('index', [], true)
 3 APPPATH\Controllers\Home.php(9): view('index')
 4 SYSTEMPATH\CodeIgniter.php(919): App\Controllers\Home->index()
 5 SYSTEMPATH\CodeIgniter.php(494): CodeIgniter\CodeIgniter->runController(Object(App\Controllers\Home))
 6 SYSTEMPATH\CodeIgniter.php(353): CodeIgniter\CodeIgniter->handleRequest(null, Object(Config\Cache), false)
 7 FCPATH\index.php(79): CodeIgniter\CodeIgniter->run()
CRITICAL - 2023-10-12 06:26:40 --> Invalid file: "index.php"
in SYSTEMPATH\Exceptions\FrameworkException.php on line 39.
 1 SYSTEMPATH\View\View.php(214): CodeIgniter\Exceptions\FrameworkException::forInvalidFile('index.php')
 2 SYSTEMPATH\Common.php(1188): CodeIgniter\View\View->render('index.php', [], true)
 3 APPPATH\Controllers\Home.php(9): view('index.php')
 4 SYSTEMPATH\CodeIgniter.php(919): App\Controllers\Home->index()
 5 SYSTEMPATH\CodeIgniter.php(494): CodeIgniter\CodeIgniter->runController(Object(App\Controllers\Home))
 6 SYSTEMPATH\CodeIgniter.php(353): CodeIgniter\CodeIgniter->handleRequest(null, Object(Config\Cache), false)
 7 FCPATH\index.php(79): CodeIgniter\CodeIgniter->run()
CRITICAL - 2023-10-12 06:33:27 --> Invalid file: "libreria.php"
in SYSTEMPATH\Exceptions\FrameworkException.php on line 39.
 1 SYSTEMPATH\View\View.php(214): CodeIgniter\Exceptions\FrameworkException::forInvalidFile('libreria.php')
 2 SYSTEMPATH\Common.php(1188): CodeIgniter\View\View->render('libreria', [], true)
 3 APPPATH\Controllers\Crud.php(9): view('libreria')
 4 SYSTEMPATH\CodeIgniter.php(919): App\Controllers\Crud->index()
 5 SYSTEMPATH\CodeIgniter.php(494): CodeIgniter\CodeIgniter->runController(Object(App\Controllers\Crud))
 6 SYSTEMPATH\CodeIgniter.php(353): CodeIgniter\CodeIgniter->handleRequest(null, Object(Config\Cache), false)
 7 FCPATH\index.php(79): CodeIgniter\CodeIgniter->run()
CRITICAL - 2023-10-12 18:05:55 --> You must set the database table to be used with your query.
in SYSTEMPATH\Database\BaseConnection.php on line 883.
 1 SYSTEMPATH\Model.php(635): CodeIgniter\Database\BaseConnection->table(null)
 2 SYSTEMPATH\Model.php(863): CodeIgniter\Model->builder()
 3 APPPATH\Controllers\Crud.php(12): CodeIgniter\Model->__call('listarLibros', [])
 4 SYSTEMPATH\CodeIgniter.php(919): App\Controllers\Crud->index()
 5 SYSTEMPATH\CodeIgniter.php(494): CodeIgniter\CodeIgniter->runController(Object(App\Controllers\Crud))
 6 SYSTEMPATH\CodeIgniter.php(353): CodeIgniter\CodeIgniter->handleRequest(null, Object(Config\Cache), false)
 7 FCPATH\index.php(79): CodeIgniter\CodeIgniter->run()
CRITICAL - 2023-10-12 18:07:45 --> You must set the database table to be used with your query.
in SYSTEMPATH\Database\BaseConnection.php on line 883.
 1 SYSTEMPATH\Model.php(635): CodeIgniter\Database\BaseConnection->table(null)
 2 SYSTEMPATH\Model.php(863): CodeIgniter\Model->builder()
 3 APPPATH\Controllers\Crud.php(12): CodeIgniter\Model->__call('listarLibros', [])
 4 SYSTEMPATH\CodeIgniter.php(919): App\Controllers\Crud->index()
 5 SYSTEMPATH\CodeIgniter.php(494): CodeIgniter\CodeIgniter->runController(Object(App\Controllers\Crud))
 6 SYSTEMPATH\CodeIgniter.php(353): CodeIgniter\CodeIgniter->handleRequest(null, Object(Config\Cache), false)
 7 FCPATH\index.php(79): CodeIgniter\CodeIgniter->run()
CRITICAL - 2023-10-12 18:07:45 --> You must set the database table to be used with your query.
in SYSTEMPATH\Database\BaseConnection.php on line 883.
 1 SYSTEMPATH\Model.php(635): CodeIgniter\Database\BaseConnection->table(null)
 2 SYSTEMPATH\Model.php(863): CodeIgniter\Model->builder()
 3 APPPATH\Controllers\Crud.php(12): CodeIgniter\Model->__call('listarLibros', [])
 4 SYSTEMPATH\CodeIgniter.php(919): App\Controllers\Crud->index()
 5 SYSTEMPATH\CodeIgniter.php(494): CodeIgniter\CodeIgniter->runController(Object(App\Controllers\Crud))
 6 SYSTEMPATH\CodeIgniter.php(353): CodeIgniter\CodeIgniter->handleRequest(null, Object(Config\Cache), false)
 7 FCPATH\index.php(79): CodeIgniter\CodeIgniter->run()
CRITICAL - 2023-10-12 18:07:46 --> You must set the database table to be used with your query.
in SYSTEMPATH\Database\BaseConnection.php on line 883.
 1 SYSTEMPATH\Model.php(635): CodeIgniter\Database\BaseConnection->table(null)
 2 SYSTEMPATH\Model.php(863): CodeIgniter\Model->builder()
 3 APPPATH\Controllers\Crud.php(12): CodeIgniter\Model->__call('listarLibros', [])
 4 SYSTEMPATH\CodeIgniter.php(919): App\Controllers\Crud->index()
 5 SYSTEMPATH\CodeIgniter.php(494): CodeIgniter\CodeIgniter->runController(Object(App\Controllers\Crud))
 6 SYSTEMPATH\CodeIgniter.php(353): CodeIgniter\CodeIgniter->handleRequest(null, Object(Config\Cache), false)
 7 FCPATH\index.php(79): CodeIgniter\CodeIgniter->run()
CRITICAL - 2023-10-12 18:07:46 --> You must set the database table to be used with your query.
in SYSTEMPATH\Database\BaseConnection.php on line 883.
 1 SYSTEMPATH\Model.php(635): CodeIgniter\Database\BaseConnection->table(null)
 2 SYSTEMPATH\Model.php(863): CodeIgniter\Model->builder()
 3 APPPATH\Controllers\Crud.php(12): CodeIgniter\Model->__call('listarLibros', [])
 4 SYSTEMPATH\CodeIgniter.php(919): App\Controllers\Crud->index()
 5 SYSTEMPATH\CodeIgniter.php(494): CodeIgniter\CodeIgniter->runController(Object(App\Controllers\Crud))
 6 SYSTEMPATH\CodeIgniter.php(353): CodeIgniter\CodeIgniter->handleRequest(null, Object(Config\Cache), false)
 7 FCPATH\index.php(79): CodeIgniter\CodeIgniter->run()
CRITICAL - 2023-10-12 18:07:46 --> You must set the database table to be used with your query.
in SYSTEMPATH\Database\BaseConnection.php on line 883.
 1 SYSTEMPATH\Model.php(635): CodeIgniter\Database\BaseConnection->table(null)
 2 SYSTEMPATH\Model.php(863): CodeIgniter\Model->builder()
 3 APPPATH\Controllers\Crud.php(12): CodeIgniter\Model->__call('listarLibros', [])
 4 SYSTEMPATH\CodeIgniter.php(919): App\Controllers\Crud->index()
 5 SYSTEMPATH\CodeIgniter.php(494): CodeIgniter\CodeIgniter->runController(Object(App\Controllers\Crud))
 6 SYSTEMPATH\CodeIgniter.php(353): CodeIgniter\CodeIgniter->handleRequest(null, Object(Config\Cache), false)
 7 FCPATH\index.php(79): CodeIgniter\CodeIgniter->run()
CRITICAL - 2023-10-12 19:40:55 --> Undefined variable $mensaje
in APPPATH\Views\listado.php on line 80.
 1 APPPATH\Views\listado.php(80): CodeIgniter\Debug\Exceptions->errorHandler(2, 'Undefined variable $mensaje', 'C:\\xampp\\htdocs\\libreria\\app\\Views\\listado.php', 80)
 2 SYSTEMPATH\View\View.php(226): include('C:\\xampp\\htdocs\\libreria\\app\\Views\\listado.php')
 3 SYSTEMPATH\View\View.php(229): CodeIgniter\View\View->CodeIgniter\View\{closure}()
 4 SYSTEMPATH\Common.php(1188): CodeIgniter\View\View->render('listado', [], true)
 5 APPPATH\Controllers\Crud.php(16): view('listado', [...])
 6 SYSTEMPATH\CodeIgniter.php(919): App\Controllers\Crud->index()
 7 SYSTEMPATH\CodeIgniter.php(494): CodeIgniter\CodeIgniter->runController(Object(App\Controllers\Crud))
 8 SYSTEMPATH\CodeIgniter.php(353): CodeIgniter\CodeIgniter->handleRequest(null, Object(Config\Cache), false)
 9 FCPATH\index.php(79): CodeIgniter\CodeIgniter->run()
CRITICAL - 2023-10-12 19:40:58 --> Undefined variable $mensaje
in APPPATH\Views\listado.php on line 80.
 1 APPPATH\Views\listado.php(80): CodeIgniter\Debug\Exceptions->errorHandler(2, 'Undefined variable $mensaje', 'C:\\xampp\\htdocs\\libreria\\app\\Views\\listado.php', 80)
 2 SYSTEMPATH\View\View.php(226): include('C:\\xampp\\htdocs\\libreria\\app\\Views\\listado.php')
 3 SYSTEMPATH\View\View.php(229): CodeIgniter\View\View->CodeIgniter\View\{closure}()
 4 SYSTEMPATH\Common.php(1188): CodeIgniter\View\View->render('listado', [], true)
 5 APPPATH\Controllers\Crud.php(16): view('listado', [...])
 6 SYSTEMPATH\CodeIgniter.php(919): App\Controllers\Crud->index()
 7 SYSTEMPATH\CodeIgniter.php(494): CodeIgniter\CodeIgniter->runController(Object(App\Controllers\Crud))
 8 SYSTEMPATH\CodeIgniter.php(353): CodeIgniter\CodeIgniter->handleRequest(null, Object(Config\Cache), false)
 9 FCPATH\index.php(79): CodeIgniter\CodeIgniter->run()
ERROR - 2023-10-12 19:47:19 --> mysqli_sql_exception: Unknown column 'nombre' in 'field list' in C:\xampp\htdocs\libreria\system\Database\MySQLi\Connection.php:306
Stack trace:
#0 C:\xampp\htdocs\libreria\system\Database\MySQLi\Connection.php(306): mysqli->query('INSERT INTO `li...', 0)
#1 C:\xampp\htdocs\libreria\system\Database\BaseConnection.php(692): CodeIgniter\Database\MySQLi\Connection->execute('INSERT INTO `li...')
#2 C:\xampp\htdocs\libreria\system\Database\BaseConnection.php(606): CodeIgniter\Database\BaseConnection->simpleQuery('INSERT INTO `li...')
#3 C:\xampp\htdocs\libreria\system\Database\BaseBuilder.php(2308): CodeIgniter\Database\BaseConnection->query('INSERT INTO `li...', Array, false)
#4 C:\xampp\htdocs\libreria\app\Models\crudModel.php(14): CodeIgniter\Database\BaseBuilder->insert(Array)
#5 C:\xampp\htdocs\libreria\app\Controllers\Crud.php(26): App\Models\CrudModel->insertar(Array)
#6 C:\xampp\htdocs\libreria\system\CodeIgniter.php(919): App\Controllers\Crud->crear()
#7 C:\xampp\htdocs\libreria\system\CodeIgniter.php(494): CodeIgniter\CodeIgniter->runController(Object(App\Controllers\Crud))
#8 C:\xampp\htdocs\libreria\system\CodeIgniter.php(353): CodeIgniter\CodeIgniter->handleRequest(NULL, Object(Config\Cache), false)
#9 C:\xampp\htdocs\libreria\index.php(79): CodeIgniter\CodeIgniter->run()
#10 {main}
CRITICAL - 2023-10-12 19:47:19 --> Unknown column 'nombre' in 'field list'
in SYSTEMPATH\Database\BaseConnection.php on line 646.
 1 SYSTEMPATH\Database\BaseBuilder.php(2308): CodeIgniter\Database\BaseConnection->query('INSERT INTO `libros` (`nombre`, `autor`, `fecha`) VALUES (:nombre:, :autor:, :fecha:)', [...], false)
 2 APPPATH\Models\crudModel.php(14): CodeIgniter\Database\BaseBuilder->insert([...])
 3 APPPATH\Controllers\Crud.php(26): App\Models\CrudModel->insertar([...])
 4 SYSTEMPATH\CodeIgniter.php(919): App\Controllers\Crud->crear()
 5 SYSTEMPATH\CodeIgniter.php(494): CodeIgniter\CodeIgniter->runController(Object(App\Controllers\Crud))
 6 SYSTEMPATH\CodeIgniter.php(353): CodeIgniter\CodeIgniter->handleRequest(null, Object(Config\Cache), false)
 7 FCPATH\index.php(79): CodeIgniter\CodeIgniter->run()
ERROR - 2023-10-12 19:47:30 --> mysqli_sql_exception: Unknown column 'nombre' in 'field list' in C:\xampp\htdocs\libreria\system\Database\MySQLi\Connection.php:306
Stack trace:
#0 C:\xampp\htdocs\libreria\system\Database\MySQLi\Connection.php(306): mysqli->query('INSERT INTO `li...', 0)
#1 C:\xampp\htdocs\libreria\system\Database\BaseConnection.php(692): CodeIgniter\Database\MySQLi\Connection->execute('INSERT INTO `li...')
#2 C:\xampp\htdocs\libreria\system\Database\BaseConnection.php(606): CodeIgniter\Database\BaseConnection->simpleQuery('INSERT INTO `li...')
#3 C:\xampp\htdocs\libreria\system\Database\BaseBuilder.php(2308): CodeIgniter\Database\BaseConnection->query('INSERT INTO `li...', Array, false)
#4 C:\xampp\htdocs\libreria\app\Models\crudModel.php(14): CodeIgniter\Database\BaseBuilder->insert(Array)
#5 C:\xampp\htdocs\libreria\app\Controllers\Crud.php(26): App\Models\CrudModel->insertar(Array)
#6 C:\xampp\htdocs\libreria\system\CodeIgniter.php(919): App\Controllers\Crud->crear()
#7 C:\xampp\htdocs\libreria\system\CodeIgniter.php(494): CodeIgniter\CodeIgniter->runController(Object(App\Controllers\Crud))
#8 C:\xampp\htdocs\libreria\system\CodeIgniter.php(353): CodeIgniter\CodeIgniter->handleRequest(NULL, Object(Config\Cache), false)
#9 C:\xampp\htdocs\libreria\index.php(79): CodeIgniter\CodeIgniter->run()
#10 {main}
CRITICAL - 2023-10-12 19:47:30 --> Unknown column 'nombre' in 'field list'
in SYSTEMPATH\Database\BaseConnection.php on line 646.
 1 SYSTEMPATH\Database\BaseBuilder.php(2308): CodeIgniter\Database\BaseConnection->query('INSERT INTO `libros` (`nombre`, `autor`, `fecha`) VALUES (:nombre:, :autor:, :fecha:)', [...], false)
 2 APPPATH\Models\crudModel.php(14): CodeIgniter\Database\BaseBuilder->insert([...])
 3 APPPATH\Controllers\Crud.php(26): App\Models\CrudModel->insertar([...])
 4 SYSTEMPATH\CodeIgniter.php(919): App\Controllers\Crud->crear()
 5 SYSTEMPATH\CodeIgniter.php(494): CodeIgniter\CodeIgniter->runController(Object(App\Controllers\Crud))
 6 SYSTEMPATH\CodeIgniter.php(353): CodeIgniter\CodeIgniter->handleRequest(null, Object(Config\Cache), false)
 7 FCPATH\index.php(79): CodeIgniter\CodeIgniter->run()
ERROR - 2023-10-12 19:48:28 --> mysqli_sql_exception: Unknown column 'nombre' in 'field list' in C:\xampp\htdocs\libreria\system\Database\MySQLi\Connection.php:306
Stack trace:
#0 C:\xampp\htdocs\libreria\system\Database\MySQLi\Connection.php(306): mysqli->query('INSERT INTO `li...', 0)
#1 C:\xampp\htdocs\libreria\system\Database\BaseConnection.php(692): CodeIgniter\Database\MySQLi\Connection->execute('INSERT INTO `li...')
#2 C:\xampp\htdocs\libreria\system\Database\BaseConnection.php(606): CodeIgniter\Database\BaseConnection->simpleQuery('INSERT INTO `li...')
#3 C:\xampp\htdocs\libreria\system\Database\BaseBuilder.php(2308): CodeIgniter\Database\BaseConnection->query('INSERT INTO `li...', Array, false)
#4 C:\xampp\htdocs\libreria\app\Models\crudModel.php(14): CodeIgniter\Database\BaseBuilder->insert(Array)
#5 C:\xampp\htdocs\libreria\app\Controllers\Crud.php(26): App\Models\CrudModel->insertar(Array)
#6 C:\xampp\htdocs\libreria\system\CodeIgniter.php(919): App\Controllers\Crud->crear()
#7 C:\xampp\htdocs\libreria\system\CodeIgniter.php(494): CodeIgniter\CodeIgniter->runController(Object(App\Controllers\Crud))
#8 C:\xampp\htdocs\libreria\system\CodeIgniter.php(353): CodeIgniter\CodeIgniter->handleRequest(NULL, Object(Config\Cache), false)
#9 C:\xampp\htdocs\libreria\index.php(79): CodeIgniter\CodeIgniter->run()
#10 {main}
CRITICAL - 2023-10-12 19:48:28 --> Unknown column 'nombre' in 'field list'
in SYSTEMPATH\Database\BaseConnection.php on line 646.
 1 SYSTEMPATH\Database\BaseBuilder.php(2308): CodeIgniter\Database\BaseConnection->query('INSERT INTO `libros` (`nombre`, `autor`, `fecha`) VALUES (:nombre:, :autor:, :fecha:)', [...], false)
 2 APPPATH\Models\crudModel.php(14): CodeIgniter\Database\BaseBuilder->insert([...])
 3 APPPATH\Controllers\Crud.php(26): App\Models\CrudModel->insertar([...])
 4 SYSTEMPATH\CodeIgniter.php(919): App\Controllers\Crud->crear()
 5 SYSTEMPATH\CodeIgniter.php(494): CodeIgniter\CodeIgniter->runController(Object(App\Controllers\Crud))
 6 SYSTEMPATH\CodeIgniter.php(353): CodeIgniter\CodeIgniter->handleRequest(null, Object(Config\Cache), false)
 7 FCPATH\index.php(79): CodeIgniter\CodeIgniter->run()
ERROR - 2023-10-12 19:48:54 --> mysqli_sql_exception: Unknown column 'nombre' in 'field list' in C:\xampp\htdocs\libreria\system\Database\MySQLi\Connection.php:306
Stack trace:
#0 C:\xampp\htdocs\libreria\system\Database\MySQLi\Connection.php(306): mysqli->query('INSERT INTO `li...', 0)
#1 C:\xampp\htdocs\libreria\system\Database\BaseConnection.php(692): CodeIgniter\Database\MySQLi\Connection->execute('INSERT INTO `li...')
#2 C:\xampp\htdocs\libreria\system\Database\BaseConnection.php(606): CodeIgniter\Database\BaseConnection->simpleQuery('INSERT INTO `li...')
#3 C:\xampp\htdocs\libreria\system\Database\BaseBuilder.php(2308): CodeIgniter\Database\BaseConnection->query('INSERT INTO `li...', Array, false)
#4 C:\xampp\htdocs\libreria\app\Models\crudModel.php(14): CodeIgniter\Database\BaseBuilder->insert(Array)
#5 C:\xampp\htdocs\libreria\app\Controllers\Crud.php(26): App\Models\CrudModel->insertar(Array)
#6 C:\xampp\htdocs\libreria\system\CodeIgniter.php(919): App\Controllers\Crud->crear()
#7 C:\xampp\htdocs\libreria\system\CodeIgniter.php(494): CodeIgniter\CodeIgniter->runController(Object(App\Controllers\Crud))
#8 C:\xampp\htdocs\libreria\system\CodeIgniter.php(353): CodeIgniter\CodeIgniter->handleRequest(NULL, Object(Config\Cache), false)
#9 C:\xampp\htdocs\libreria\index.php(79): CodeIgniter\CodeIgniter->run()
#10 {main}
CRITICAL - 2023-10-12 19:48:54 --> Unknown column 'nombre' in 'field list'
in SYSTEMPATH\Database\BaseConnection.php on line 646.
 1 SYSTEMPATH\Database\BaseBuilder.php(2308): CodeIgniter\Database\BaseConnection->query('INSERT INTO `libros` (`nombre`, `autor`, `fecha`) VALUES (:nombre:, :autor:, :fecha:)', [...], false)
 2 APPPATH\Models\crudModel.php(14): CodeIgniter\Database\BaseBuilder->insert([...])
 3 APPPATH\Controllers\Crud.php(26): App\Models\CrudModel->insertar([...])
 4 SYSTEMPATH\CodeIgniter.php(919): App\Controllers\Crud->crear()
 5 SYSTEMPATH\CodeIgniter.php(494): CodeIgniter\CodeIgniter->runController(Object(App\Controllers\Crud))
 6 SYSTEMPATH\CodeIgniter.php(353): CodeIgniter\CodeIgniter->handleRequest(null, Object(Config\Cache), false)
 7 FCPATH\index.php(79): CodeIgniter\CodeIgniter->run()
ERROR - 2023-10-12 19:50:57 --> mysqli_sql_exception: Unknown column 'nombre' in 'field list' in C:\xampp\htdocs\libreria\system\Database\MySQLi\Connection.php:306
Stack trace:
#0 C:\xampp\htdocs\libreria\system\Database\MySQLi\Connection.php(306): mysqli->query('INSERT INTO `li...', 0)
#1 C:\xampp\htdocs\libreria\system\Database\BaseConnection.php(692): CodeIgniter\Database\MySQLi\Connection->execute('INSERT INTO `li...')
#2 C:\xampp\htdocs\libreria\system\Database\BaseConnection.php(606): CodeIgniter\Database\BaseConnection->simpleQuery('INSERT INTO `li...')
#3 C:\xampp\htdocs\libreria\system\Database\BaseBuilder.php(2308): CodeIgniter\Database\BaseConnection->query('INSERT INTO `li...', Array, false)
#4 C:\xampp\htdocs\libreria\app\Models\crudModel.php(14): CodeIgniter\Database\BaseBuilder->insert(Array)
#5 C:\xampp\htdocs\libreria\app\Controllers\Crud.php(26): App\Models\CrudModel->insertar(Array)
#6 C:\xampp\htdocs\libreria\system\CodeIgniter.php(919): App\Controllers\Crud->crear()
#7 C:\xampp\htdocs\libreria\system\CodeIgniter.php(494): CodeIgniter\CodeIgniter->runController(Object(App\Controllers\Crud))
#8 C:\xampp\htdocs\libreria\system\CodeIgniter.php(353): CodeIgniter\CodeIgniter->handleRequest(NULL, Object(Config\Cache), false)
#9 C:\xampp\htdocs\libreria\index.php(79): CodeIgniter\CodeIgniter->run()
#10 {main}
CRITICAL - 2023-10-12 19:50:57 --> Unknown column 'nombre' in 'field list'
in SYSTEMPATH\Database\BaseConnection.php on line 646.
 1 SYSTEMPATH\Database\BaseBuilder.php(2308): CodeIgniter\Database\BaseConnection->query('INSERT INTO `libros` (`nombre`, `autor`, `fecha`) VALUES (:nombre:, :autor:, :fecha:)', [...], false)
 2 APPPATH\Models\crudModel.php(14): CodeIgniter\Database\BaseBuilder->insert([...])
 3 APPPATH\Controllers\Crud.php(26): App\Models\CrudModel->insertar([...])
 4 SYSTEMPATH\CodeIgniter.php(919): App\Controllers\Crud->crear()
 5 SYSTEMPATH\CodeIgniter.php(494): CodeIgniter\CodeIgniter->runController(Object(App\Controllers\Crud))
 6 SYSTEMPATH\CodeIgniter.php(353): CodeIgniter\CodeIgniter->handleRequest(null, Object(Config\Cache), false)
 7 FCPATH\index.php(79): CodeIgniter\CodeIgniter->run()
ERROR - 2023-10-12 19:51:07 --> mysqli_sql_exception: Unknown column 'nombre' in 'field list' in C:\xampp\htdocs\libreria\system\Database\MySQLi\Connection.php:306
Stack trace:
#0 C:\xampp\htdocs\libreria\system\Database\MySQLi\Connection.php(306): mysqli->query('INSERT INTO `li...', 0)
#1 C:\xampp\htdocs\libreria\system\Database\BaseConnection.php(692): CodeIgniter\Database\MySQLi\Connection->execute('INSERT INTO `li...')
#2 C:\xampp\htdocs\libreria\system\Database\BaseConnection.php(606): CodeIgniter\Database\BaseConnection->simpleQuery('INSERT INTO `li...')
#3 C:\xampp\htdocs\libreria\system\Database\BaseBuilder.php(2308): CodeIgniter\Database\BaseConnection->query('INSERT INTO `li...', Array, false)
#4 C:\xampp\htdocs\libreria\app\Models\crudModel.php(14): CodeIgniter\Database\BaseBuilder->insert(Array)
#5 C:\xampp\htdocs\libreria\app\Controllers\Crud.php(26): App\Models\CrudModel->insertar(Array)
#6 C:\xampp\htdocs\libreria\system\CodeIgniter.php(919): App\Controllers\Crud->crear()
#7 C:\xampp\htdocs\libreria\system\CodeIgniter.php(494): CodeIgniter\CodeIgniter->runController(Object(App\Controllers\Crud))
#8 C:\xampp\htdocs\libreria\system\CodeIgniter.php(353): CodeIgniter\CodeIgniter->handleRequest(NULL, Object(Config\Cache), false)
#9 C:\xampp\htdocs\libreria\index.php(79): CodeIgniter\CodeIgniter->run()
#10 {main}
CRITICAL - 2023-10-12 19:51:07 --> Unknown column 'nombre' in 'field list'
in SYSTEMPATH\Database\BaseConnection.php on line 646.
 1 SYSTEMPATH\Database\BaseBuilder.php(2308): CodeIgniter\Database\BaseConnection->query('INSERT INTO `libros` (`nombre`, `autor`, `fecha`) VALUES (:nombre:, :autor:, :fecha:)', [...], false)
 2 APPPATH\Models\crudModel.php(14): CodeIgniter\Database\BaseBuilder->insert([...])
 3 APPPATH\Controllers\Crud.php(26): App\Models\CrudModel->insertar([...])
 4 SYSTEMPATH\CodeIgniter.php(919): App\Controllers\Crud->crear()
 5 SYSTEMPATH\CodeIgniter.php(494): CodeIgniter\CodeIgniter->runController(Object(App\Controllers\Crud))
 6 SYSTEMPATH\CodeIgniter.php(353): CodeIgniter\CodeIgniter->handleRequest(null, Object(Config\Cache), false)
 7 FCPATH\index.php(79): CodeIgniter\CodeIgniter->run()
ERROR - 2023-10-12 19:51:12 --> mysqli_sql_exception: Unknown column 'nombre' in 'field list' in C:\xampp\htdocs\libreria\system\Database\MySQLi\Connection.php:306
Stack trace:
#0 C:\xampp\htdocs\libreria\system\Database\MySQLi\Connection.php(306): mysqli->query('INSERT INTO `li...', 0)
#1 C:\xampp\htdocs\libreria\system\Database\BaseConnection.php(692): CodeIgniter\Database\MySQLi\Connection->execute('INSERT INTO `li...')
#2 C:\xampp\htdocs\libreria\system\Database\BaseConnection.php(606): CodeIgniter\Database\BaseConnection->simpleQuery('INSERT INTO `li...')
#3 C:\xampp\htdocs\libreria\system\Database\BaseBuilder.php(2308): CodeIgniter\Database\BaseConnection->query('INSERT INTO `li...', Array, false)
#4 C:\xampp\htdocs\libreria\app\Models\crudModel.php(14): CodeIgniter\Database\BaseBuilder->insert(Array)
#5 C:\xampp\htdocs\libreria\app\Controllers\Crud.php(26): App\Models\CrudModel->insertar(Array)
#6 C:\xampp\htdocs\libreria\system\CodeIgniter.php(919): App\Controllers\Crud->crear()
#7 C:\xampp\htdocs\libreria\system\CodeIgniter.php(494): CodeIgniter\CodeIgniter->runController(Object(App\Controllers\Crud))
#8 C:\xampp\htdocs\libreria\system\CodeIgniter.php(353): CodeIgniter\CodeIgniter->handleRequest(NULL, Object(Config\Cache), false)
#9 C:\xampp\htdocs\libreria\index.php(79): CodeIgniter\CodeIgniter->run()
#10 {main}
CRITICAL - 2023-10-12 19:51:12 --> Unknown column 'nombre' in 'field list'
in SYSTEMPATH\Database\BaseConnection.php on line 646.
 1 SYSTEMPATH\Database\BaseBuilder.php(2308): CodeIgniter\Database\BaseConnection->query('INSERT INTO `libros` (`nombre`, `autor`, `fecha`) VALUES (:nombre:, :autor:, :fecha:)', [...], false)
 2 APPPATH\Models\crudModel.php(14): CodeIgniter\Database\BaseBuilder->insert([...])
 3 APPPATH\Controllers\Crud.php(26): App\Models\CrudModel->insertar([...])
 4 SYSTEMPATH\CodeIgniter.php(919): App\Controllers\Crud->crear()
 5 SYSTEMPATH\CodeIgniter.php(494): CodeIgniter\CodeIgniter->runController(Object(App\Controllers\Crud))
 6 SYSTEMPATH\CodeIgniter.php(353): CodeIgniter\CodeIgniter->handleRequest(null, Object(Config\Cache), false)
 7 FCPATH\index.php(79): CodeIgniter\CodeIgniter->run()
ERROR - 2023-10-12 19:51:18 --> mysqli_sql_exception: Unknown column 'nombre' in 'field list' in C:\xampp\htdocs\libreria\system\Database\MySQLi\Connection.php:306
Stack trace:
#0 C:\xampp\htdocs\libreria\system\Database\MySQLi\Connection.php(306): mysqli->query('INSERT INTO `li...', 0)
#1 C:\xampp\htdocs\libreria\system\Database\BaseConnection.php(692): CodeIgniter\Database\MySQLi\Connection->execute('INSERT INTO `li...')
#2 C:\xampp\htdocs\libreria\system\Database\BaseConnection.php(606): CodeIgniter\Database\BaseConnection->simpleQuery('INSERT INTO `li...')
#3 C:\xampp\htdocs\libreria\system\Database\BaseBuilder.php(2308): CodeIgniter\Database\BaseConnection->query('INSERT INTO `li...', Array, false)
#4 C:\xampp\htdocs\libreria\app\Models\crudModel.php(14): CodeIgniter\Database\BaseBuilder->insert(Array)
#5 C:\xampp\htdocs\libreria\app\Controllers\Crud.php(26): App\Models\CrudModel->insertar(Array)
#6 C:\xampp\htdocs\libreria\system\CodeIgniter.php(919): App\Controllers\Crud->crear()
#7 C:\xampp\htdocs\libreria\system\CodeIgniter.php(494): CodeIgniter\CodeIgniter->runController(Object(App\Controllers\Crud))
#8 C:\xampp\htdocs\libreria\system\CodeIgniter.php(353): CodeIgniter\CodeIgniter->handleRequest(NULL, Object(Config\Cache), false)
#9 C:\xampp\htdocs\libreria\index.php(79): CodeIgniter\CodeIgniter->run()
#10 {main}
CRITICAL - 2023-10-12 19:51:18 --> Unknown column 'nombre' in 'field list'
in SYSTEMPATH\Database\BaseConnection.php on line 646.
 1 SYSTEMPATH\Database\BaseBuilder.php(2308): CodeIgniter\Database\BaseConnection->query('INSERT INTO `libros` (`nombre`, `autor`, `fecha`) VALUES (:nombre:, :autor:, :fecha:)', [...], false)
 2 APPPATH\Models\crudModel.php(14): CodeIgniter\Database\BaseBuilder->insert([...])
 3 APPPATH\Controllers\Crud.php(26): App\Models\CrudModel->insertar([...])
 4 SYSTEMPATH\CodeIgniter.php(919): App\Controllers\Crud->crear()
 5 SYSTEMPATH\CodeIgniter.php(494): CodeIgniter\CodeIgniter->runController(Object(App\Controllers\Crud))
 6 SYSTEMPATH\CodeIgniter.php(353): CodeIgniter\CodeIgniter->handleRequest(null, Object(Config\Cache), false)
 7 FCPATH\index.php(79): CodeIgniter\CodeIgniter->run()
ERROR - 2023-10-12 19:52:48 --> mysqli_sql_exception: Unknown column 'nombre' in 'field list' in C:\xampp\htdocs\libreria\system\Database\MySQLi\Connection.php:306
Stack trace:
#0 C:\xampp\htdocs\libreria\system\Database\MySQLi\Connection.php(306): mysqli->query('INSERT INTO `li...', 0)
#1 C:\xampp\htdocs\libreria\system\Database\BaseConnection.php(692): CodeIgniter\Database\MySQLi\Connection->execute('INSERT INTO `li...')
#2 C:\xampp\htdocs\libreria\system\Database\BaseConnection.php(606): CodeIgniter\Database\BaseConnection->simpleQuery('INSERT INTO `li...')
#3 C:\xampp\htdocs\libreria\system\Database\BaseBuilder.php(2308): CodeIgniter\Database\BaseConnection->query('INSERT INTO `li...', Array, false)
#4 C:\xampp\htdocs\libreria\app\Models\crudModel.php(14): CodeIgniter\Database\BaseBuilder->insert(Array)
#5 C:\xampp\htdocs\libreria\app\Controllers\Crud.php(26): App\Models\CrudModel->insertar(Array)
#6 C:\xampp\htdocs\libreria\system\CodeIgniter.php(919): App\Controllers\Crud->crear()
#7 C:\xampp\htdocs\libreria\system\CodeIgniter.php(494): CodeIgniter\CodeIgniter->runController(Object(App\Controllers\Crud))
#8 C:\xampp\htdocs\libreria\system\CodeIgniter.php(353): CodeIgniter\CodeIgniter->handleRequest(NULL, Object(Config\Cache), false)
#9 C:\xampp\htdocs\libreria\index.php(79): CodeIgniter\CodeIgniter->run()
#10 {main}
CRITICAL - 2023-10-12 19:52:48 --> Unknown column 'nombre' in 'field list'
in SYSTEMPATH\Database\BaseConnection.php on line 646.
 1 SYSTEMPATH\Database\BaseBuilder.php(2308): CodeIgniter\Database\BaseConnection->query('INSERT INTO `libros` (`nombre`, `autor`, `fecha`) VALUES (:nombre:, :autor:, :fecha:)', [...], false)
 2 APPPATH\Models\crudModel.php(14): CodeIgniter\Database\BaseBuilder->insert([...])
 3 APPPATH\Controllers\Crud.php(26): App\Models\CrudModel->insertar([...])
 4 SYSTEMPATH\CodeIgniter.php(919): App\Controllers\Crud->crear()
 5 SYSTEMPATH\CodeIgniter.php(494): CodeIgniter\CodeIgniter->runController(Object(App\Controllers\Crud))
 6 SYSTEMPATH\CodeIgniter.php(353): CodeIgniter\CodeIgniter->handleRequest(null, Object(Config\Cache), false)
 7 FCPATH\index.php(79): CodeIgniter\CodeIgniter->run()
CRITICAL - 2023-10-12 19:53:54 --> Undefined array key "lib_nombre"
in APPPATH\Controllers\Crud.php on line 21.
 1 APPPATH\Controllers\Crud.php(21): CodeIgniter\Debug\Exceptions->errorHandler(2, 'Undefined array key "lib_nombre"', 'C:\\xampp\\htdocs\\libreria\\app\\Controllers\\Crud.php', 21)
 2 SYSTEMPATH\CodeIgniter.php(919): App\Controllers\Crud->crear()
 3 SYSTEMPATH\CodeIgniter.php(494): CodeIgniter\CodeIgniter->runController(Object(App\Controllers\Crud))
 4 SYSTEMPATH\CodeIgniter.php(353): CodeIgniter\CodeIgniter->handleRequest(null, Object(Config\Cache), false)
 5 FCPATH\index.php(79): CodeIgniter\CodeIgniter->run()
CRITICAL - 2023-10-12 19:54:01 --> Undefined array key "lib_nombre"
in APPPATH\Controllers\Crud.php on line 21.
 1 APPPATH\Controllers\Crud.php(21): CodeIgniter\Debug\Exceptions->errorHandler(2, 'Undefined array key "lib_nombre"', 'C:\\xampp\\htdocs\\libreria\\app\\Controllers\\Crud.php', 21)
 2 SYSTEMPATH\CodeIgniter.php(919): App\Controllers\Crud->crear()
 3 SYSTEMPATH\CodeIgniter.php(494): CodeIgniter\CodeIgniter->runController(Object(App\Controllers\Crud))
 4 SYSTEMPATH\CodeIgniter.php(353): CodeIgniter\CodeIgniter->handleRequest(null, Object(Config\Cache), false)
 5 FCPATH\index.php(79): CodeIgniter\CodeIgniter->run()
CRITICAL - 2023-10-12 19:54:04 --> Undefined array key "lib_nombre"
in APPPATH\Controllers\Crud.php on line 21.
 1 APPPATH\Controllers\Crud.php(21): CodeIgniter\Debug\Exceptions->errorHandler(2, 'Undefined array key "lib_nombre"', 'C:\\xampp\\htdocs\\libreria\\app\\Controllers\\Crud.php', 21)
 2 SYSTEMPATH\CodeIgniter.php(919): App\Controllers\Crud->crear()
 3 SYSTEMPATH\CodeIgniter.php(494): CodeIgniter\CodeIgniter->runController(Object(App\Controllers\Crud))
 4 SYSTEMPATH\CodeIgniter.php(353): CodeIgniter\CodeIgniter->handleRequest(null, Object(Config\Cache), false)
 5 FCPATH\index.php(79): CodeIgniter\CodeIgniter->run()
CRITICAL - 2023-10-12 19:55:24 --> Undefined array key "lib_nombre"
in APPPATH\Controllers\Crud.php on line 21.
 1 APPPATH\Controllers\Crud.php(21): CodeIgniter\Debug\Exceptions->errorHandler(2, 'Undefined array key "lib_nombre"', 'C:\\xampp\\htdocs\\libreria\\app\\Controllers\\Crud.php', 21)
 2 SYSTEMPATH\CodeIgniter.php(919): App\Controllers\Crud->crear()
 3 SYSTEMPATH\CodeIgniter.php(494): CodeIgniter\CodeIgniter->runController(Object(App\Controllers\Crud))
 4 SYSTEMPATH\CodeIgniter.php(353): CodeIgniter\CodeIgniter->handleRequest(null, Object(Config\Cache), false)
 5 FCPATH\index.php(79): CodeIgniter\CodeIgniter->run()
CRITICAL - 2023-10-12 19:57:09 --> Undefined array key "lib_nombre"
in APPPATH\Controllers\Crud.php on line 21.
 1 APPPATH\Controllers\Crud.php(21): CodeIgniter\Debug\Exceptions->errorHandler(2, 'Undefined array key "lib_nombre"', 'C:\\xampp\\htdocs\\libreria\\app\\Controllers\\Crud.php', 21)
 2 SYSTEMPATH\CodeIgniter.php(919): App\Controllers\Crud->crear()
 3 SYSTEMPATH\CodeIgniter.php(494): CodeIgniter\CodeIgniter->runController(Object(App\Controllers\Crud))
 4 SYSTEMPATH\CodeIgniter.php(353): CodeIgniter\CodeIgniter->handleRequest(null, Object(Config\Cache), false)
 5 FCPATH\index.php(79): CodeIgniter\CodeIgniter->run()
CRITICAL - 2023-10-12 19:57:14 --> Undefined array key "lib_nombre"
in APPPATH\Controllers\Crud.php on line 21.
 1 APPPATH\Controllers\Crud.php(21): CodeIgniter\Debug\Exceptions->errorHandler(2, 'Undefined array key "lib_nombre"', 'C:\\xampp\\htdocs\\libreria\\app\\Controllers\\Crud.php', 21)
 2 SYSTEMPATH\CodeIgniter.php(919): App\Controllers\Crud->crear()
 3 SYSTEMPATH\CodeIgniter.php(494): CodeIgniter\CodeIgniter->runController(Object(App\Controllers\Crud))
 4 SYSTEMPATH\CodeIgniter.php(353): CodeIgniter\CodeIgniter->handleRequest(null, Object(Config\Cache), false)
 5 FCPATH\index.php(79): CodeIgniter\CodeIgniter->run()
CRITICAL - 2023-10-12 20:03:55 --> Undefined variable $mensaje
in APPPATH\Views\listado.php on line 65.
 1 APPPATH\Views\listado.php(65): CodeIgniter\Debug\Exceptions->errorHandler(2, 'Undefined variable $mensaje', 'C:\\xampp\\htdocs\\libreria\\app\\Views\\listado.php', 65)
 2 SYSTEMPATH\View\View.php(226): include('C:\\xampp\\htdocs\\libreria\\app\\Views\\listado.php')
 3 SYSTEMPATH\View\View.php(229): CodeIgniter\View\View->CodeIgniter\View\{closure}()
 4 SYSTEMPATH\Common.php(1188): CodeIgniter\View\View->render('listado', [], true)
 5 APPPATH\Controllers\Crud.php(20): view('listado', [...])
 6 SYSTEMPATH\CodeIgniter.php(919): App\Controllers\Crud->index()
 7 SYSTEMPATH\CodeIgniter.php(494): CodeIgniter\CodeIgniter->runController(Object(App\Controllers\Crud))
 8 SYSTEMPATH\CodeIgniter.php(353): CodeIgniter\CodeIgniter->handleRequest(null, Object(Config\Cache), false)
 9 FCPATH\index.php(79): CodeIgniter\CodeIgniter->run()
CRITICAL - 2023-10-12 20:04:04 --> Undefined variable $mensaje
in APPPATH\Views\listado.php on line 65.
 1 APPPATH\Views\listado.php(65): CodeIgniter\Debug\Exceptions->errorHandler(2, 'Undefined variable $mensaje', 'C:\\xampp\\htdocs\\libreria\\app\\Views\\listado.php', 65)
 2 SYSTEMPATH\View\View.php(226): include('C:\\xampp\\htdocs\\libreria\\app\\Views\\listado.php')
 3 SYSTEMPATH\View\View.php(229): CodeIgniter\View\View->CodeIgniter\View\{closure}()
 4 SYSTEMPATH\Common.php(1188): CodeIgniter\View\View->render('listado', [], true)
 5 APPPATH\Controllers\Crud.php(20): view('listado', [...])
 6 SYSTEMPATH\CodeIgniter.php(919): App\Controllers\Crud->index()
 7 SYSTEMPATH\CodeIgniter.php(494): CodeIgniter\CodeIgniter->runController(Object(App\Controllers\Crud))
 8 SYSTEMPATH\CodeIgniter.php(353): CodeIgniter\CodeIgniter->handleRequest(null, Object(Config\Cache), false)
 9 FCPATH\index.php(79): CodeIgniter\CodeIgniter->run()
CRITICAL - 2023-10-12 20:04:05 --> Undefined variable $mensaje
in APPPATH\Views\listado.php on line 65.
 1 APPPATH\Views\listado.php(65): CodeIgniter\Debug\Exceptions->errorHandler(2, 'Undefined variable $mensaje', 'C:\\xampp\\htdocs\\libreria\\app\\Views\\listado.php', 65)
 2 SYSTEMPATH\View\View.php(226): include('C:\\xampp\\htdocs\\libreria\\app\\Views\\listado.php')
 3 SYSTEMPATH\View\View.php(229): CodeIgniter\View\View->CodeIgniter\View\{closure}()
 4 SYSTEMPATH\Common.php(1188): CodeIgniter\View\View->render('listado', [], true)
 5 APPPATH\Controllers\Crud.php(20): view('listado', [...])
 6 SYSTEMPATH\CodeIgniter.php(919): App\Controllers\Crud->index()
 7 SYSTEMPATH\CodeIgniter.php(494): CodeIgniter\CodeIgniter->runController(Object(App\Controllers\Crud))
 8 SYSTEMPATH\CodeIgniter.php(353): CodeIgniter\CodeIgniter->handleRequest(null, Object(Config\Cache), false)
 9 FCPATH\index.php(79): CodeIgniter\CodeIgniter->run()
CRITICAL - 2023-10-12 20:04:05 --> Undefined variable $mensaje
in APPPATH\Views\listado.php on line 65.
 1 APPPATH\Views\listado.php(65): CodeIgniter\Debug\Exceptions->errorHandler(2, 'Undefined variable $mensaje', 'C:\\xampp\\htdocs\\libreria\\app\\Views\\listado.php', 65)
 2 SYSTEMPATH\View\View.php(226): include('C:\\xampp\\htdocs\\libreria\\app\\Views\\listado.php')
 3 SYSTEMPATH\View\View.php(229): CodeIgniter\View\View->CodeIgniter\View\{closure}()
 4 SYSTEMPATH\Common.php(1188): CodeIgniter\View\View->render('listado', [], true)
 5 APPPATH\Controllers\Crud.php(20): view('listado', [...])
 6 SYSTEMPATH\CodeIgniter.php(919): App\Controllers\Crud->index()
 7 SYSTEMPATH\CodeIgniter.php(494): CodeIgniter\CodeIgniter->runController(Object(App\Controllers\Crud))
 8 SYSTEMPATH\CodeIgniter.php(353): CodeIgniter\CodeIgniter->handleRequest(null, Object(Config\Cache), false)
 9 FCPATH\index.php(79): CodeIgniter\CodeIgniter->run()
CRITICAL - 2023-10-12 20:04:06 --> Undefined variable $mensaje
in APPPATH\Views\listado.php on line 65.
 1 APPPATH\Views\listado.php(65): CodeIgniter\Debug\Exceptions->errorHandler(2, 'Undefined variable $mensaje', 'C:\\xampp\\htdocs\\libreria\\app\\Views\\listado.php', 65)
 2 SYSTEMPATH\View\View.php(226): include('C:\\xampp\\htdocs\\libreria\\app\\Views\\listado.php')
 3 SYSTEMPATH\View\View.php(229): CodeIgniter\View\View->CodeIgniter\View\{closure}()
 4 SYSTEMPATH\Common.php(1188): CodeIgniter\View\View->render('listado', [], true)
 5 APPPATH\Controllers\Crud.php(20): view('listado', [...])
 6 SYSTEMPATH\CodeIgniter.php(919): App\Controllers\Crud->index()
 7 SYSTEMPATH\CodeIgniter.php(494): CodeIgniter\CodeIgniter->runController(Object(App\Controllers\Crud))
 8 SYSTEMPATH\CodeIgniter.php(353): CodeIgniter\CodeIgniter->handleRequest(null, Object(Config\Cache), false)
 9 FCPATH\index.php(79): CodeIgniter\CodeIgniter->run()
CRITICAL - 2023-10-12 20:04:06 --> Undefined variable $mensaje
in APPPATH\Views\listado.php on line 65.
 1 APPPATH\Views\listado.php(65): CodeIgniter\Debug\Exceptions->errorHandler(2, 'Undefined variable $mensaje', 'C:\\xampp\\htdocs\\libreria\\app\\Views\\listado.php', 65)
 2 SYSTEMPATH\View\View.php(226): include('C:\\xampp\\htdocs\\libreria\\app\\Views\\listado.php')
 3 SYSTEMPATH\View\View.php(229): CodeIgniter\View\View->CodeIgniter\View\{closure}()
 4 SYSTEMPATH\Common.php(1188): CodeIgniter\View\View->render('listado', [], true)
 5 APPPATH\Controllers\Crud.php(20): view('listado', [...])
 6 SYSTEMPATH\CodeIgniter.php(919): App\Controllers\Crud->index()
 7 SYSTEMPATH\CodeIgniter.php(494): CodeIgniter\CodeIgniter->runController(Object(App\Controllers\Crud))
 8 SYSTEMPATH\CodeIgniter.php(353): CodeIgniter\CodeIgniter->handleRequest(null, Object(Config\Cache), false)
 9 FCPATH\index.php(79): CodeIgniter\CodeIgniter->run()
CRITICAL - 2023-10-12 20:04:07 --> Undefined variable $mensaje
in APPPATH\Views\listado.php on line 65.
 1 APPPATH\Views\listado.php(65): CodeIgniter\Debug\Exceptions->errorHandler(2, 'Undefined variable $mensaje', 'C:\\xampp\\htdocs\\libreria\\app\\Views\\listado.php', 65)
 2 SYSTEMPATH\View\View.php(226): include('C:\\xampp\\htdocs\\libreria\\app\\Views\\listado.php')
 3 SYSTEMPATH\View\View.php(229): CodeIgniter\View\View->CodeIgniter\View\{closure}()
 4 SYSTEMPATH\Common.php(1188): CodeIgniter\View\View->render('listado', [], true)
 5 APPPATH\Controllers\Crud.php(20): view('listado', [...])
 6 SYSTEMPATH\CodeIgniter.php(919): App\Controllers\Crud->index()
 7 SYSTEMPATH\CodeIgniter.php(494): CodeIgniter\CodeIgniter->runController(Object(App\Controllers\Crud))
 8 SYSTEMPATH\CodeIgniter.php(353): CodeIgniter\CodeIgniter->handleRequest(null, Object(Config\Cache), false)
 9 FCPATH\index.php(79): CodeIgniter\CodeIgniter->run()
CRITICAL - 2023-10-12 20:04:07 --> Undefined variable $mensaje
in APPPATH\Views\listado.php on line 65.
 1 APPPATH\Views\listado.php(65): CodeIgniter\Debug\Exceptions->errorHandler(2, 'Undefined variable $mensaje', 'C:\\xampp\\htdocs\\libreria\\app\\Views\\listado.php', 65)
 2 SYSTEMPATH\View\View.php(226): include('C:\\xampp\\htdocs\\libreria\\app\\Views\\listado.php')
 3 SYSTEMPATH\View\View.php(229): CodeIgniter\View\View->CodeIgniter\View\{closure}()
 4 SYSTEMPATH\Common.php(1188): CodeIgniter\View\View->render('listado', [], true)
 5 APPPATH\Controllers\Crud.php(20): view('listado', [...])
 6 SYSTEMPATH\CodeIgniter.php(919): App\Controllers\Crud->index()
 7 SYSTEMPATH\CodeIgniter.php(494): CodeIgniter\CodeIgniter->runController(Object(App\Controllers\Crud))
 8 SYSTEMPATH\CodeIgniter.php(353): CodeIgniter\CodeIgniter->handleRequest(null, Object(Config\Cache), false)
 9 FCPATH\index.php(79): CodeIgniter\CodeIgniter->run()
CRITICAL - 2023-10-12 20:04:07 --> Undefined variable $mensaje
in APPPATH\Views\listado.php on line 65.
 1 APPPATH\Views\listado.php(65): CodeIgniter\Debug\Exceptions->errorHandler(2, 'Undefined variable $mensaje', 'C:\\xampp\\htdocs\\libreria\\app\\Views\\listado.php', 65)
 2 SYSTEMPATH\View\View.php(226): include('C:\\xampp\\htdocs\\libreria\\app\\Views\\listado.php')
 3 SYSTEMPATH\View\View.php(229): CodeIgniter\View\View->CodeIgniter\View\{closure}()
 4 SYSTEMPATH\Common.php(1188): CodeIgniter\View\View->render('listado', [], true)
 5 APPPATH\Controllers\Crud.php(20): view('listado', [...])
 6 SYSTEMPATH\CodeIgniter.php(919): App\Controllers\Crud->index()
 7 SYSTEMPATH\CodeIgniter.php(494): CodeIgniter\CodeIgniter->runController(Object(App\Controllers\Crud))
 8 SYSTEMPATH\CodeIgniter.php(353): CodeIgniter\CodeIgniter->handleRequest(null, Object(Config\Cache), false)
 9 FCPATH\index.php(79): CodeIgniter\CodeIgniter->run()
CRITICAL - 2023-10-12 20:04:23 --> Undefined variable $mensaje
in APPPATH\Views\listado.php on line 65.
 1 APPPATH\Views\listado.php(65): CodeIgniter\Debug\Exceptions->errorHandler(2, 'Undefined variable $mensaje', 'C:\\xampp\\htdocs\\libreria\\app\\Views\\listado.php', 65)
 2 SYSTEMPATH\View\View.php(226): include('C:\\xampp\\htdocs\\libreria\\app\\Views\\listado.php')
 3 SYSTEMPATH\View\View.php(229): CodeIgniter\View\View->CodeIgniter\View\{closure}()
 4 SYSTEMPATH\Common.php(1188): CodeIgniter\View\View->render('listado', [], true)
 5 APPPATH\Controllers\Crud.php(20): view('listado', [...])
 6 SYSTEMPATH\CodeIgniter.php(919): App\Controllers\Crud->index()
 7 SYSTEMPATH\CodeIgniter.php(494): CodeIgniter\CodeIgniter->runController(Object(App\Controllers\Crud))
 8 SYSTEMPATH\CodeIgniter.php(353): CodeIgniter\CodeIgniter->handleRequest(null, Object(Config\Cache), false)
 9 FCPATH\index.php(79): CodeIgniter\CodeIgniter->run()
CRITICAL - 2023-10-12 20:04:24 --> Undefined variable $mensaje
in APPPATH\Views\listado.php on line 65.
 1 APPPATH\Views\listado.php(65): CodeIgniter\Debug\Exceptions->errorHandler(2, 'Undefined variable $mensaje', 'C:\\xampp\\htdocs\\libreria\\app\\Views\\listado.php', 65)
 2 SYSTEMPATH\View\View.php(226): include('C:\\xampp\\htdocs\\libreria\\app\\Views\\listado.php')
 3 SYSTEMPATH\View\View.php(229): CodeIgniter\View\View->CodeIgniter\View\{closure}()
 4 SYSTEMPATH\Common.php(1188): CodeIgniter\View\View->render('listado', [], true)
 5 APPPATH\Controllers\Crud.php(20): view('listado', [...])
 6 SYSTEMPATH\CodeIgniter.php(919): App\Controllers\Crud->index()
 7 SYSTEMPATH\CodeIgniter.php(494): CodeIgniter\CodeIgniter->runController(Object(App\Controllers\Crud))
 8 SYSTEMPATH\CodeIgniter.php(353): CodeIgniter\CodeIgniter->handleRequest(null, Object(Config\Cache), false)
 9 FCPATH\index.php(79): CodeIgniter\CodeIgniter->run()
CRITICAL - 2023-10-12 20:04:24 --> Undefined variable $mensaje
in APPPATH\Views\listado.php on line 65.
 1 APPPATH\Views\listado.php(65): CodeIgniter\Debug\Exceptions->errorHandler(2, 'Undefined variable $mensaje', 'C:\\xampp\\htdocs\\libreria\\app\\Views\\listado.php', 65)
 2 SYSTEMPATH\View\View.php(226): include('C:\\xampp\\htdocs\\libreria\\app\\Views\\listado.php')
 3 SYSTEMPATH\View\View.php(229): CodeIgniter\View\View->CodeIgniter\View\{closure}()
 4 SYSTEMPATH\Common.php(1188): CodeIgniter\View\View->render('listado', [], true)
 5 APPPATH\Controllers\Crud.php(20): view('listado', [...])
 6 SYSTEMPATH\CodeIgniter.php(919): App\Controllers\Crud->index()
 7 SYSTEMPATH\CodeIgniter.php(494): CodeIgniter\CodeIgniter->runController(Object(App\Controllers\Crud))
 8 SYSTEMPATH\CodeIgniter.php(353): CodeIgniter\CodeIgniter->handleRequest(null, Object(Config\Cache), false)
 9 FCPATH\index.php(79): CodeIgniter\CodeIgniter->run()
CRITICAL - 2023-10-12 20:05:04 --> Undefined variable $mensaje
in APPPATH\Views\listado.php on line 80.
 1 APPPATH\Views\listado.php(80): CodeIgniter\Debug\Exceptions->errorHandler(2, 'Undefined variable $mensaje', 'C:\\xampp\\htdocs\\libreria\\app\\Views\\listado.php', 80)
 2 SYSTEMPATH\View\View.php(226): include('C:\\xampp\\htdocs\\libreria\\app\\Views\\listado.php')
 3 SYSTEMPATH\View\View.php(229): CodeIgniter\View\View->CodeIgniter\View\{closure}()
 4 SYSTEMPATH\Common.php(1188): CodeIgniter\View\View->render('listado', [], true)
 5 APPPATH\Controllers\Crud.php(20): view('listado', [...])
 6 SYSTEMPATH\CodeIgniter.php(919): App\Controllers\Crud->index()
 7 SYSTEMPATH\CodeIgniter.php(494): CodeIgniter\CodeIgniter->runController(Object(App\Controllers\Crud))
 8 SYSTEMPATH\CodeIgniter.php(353): CodeIgniter\CodeIgniter->handleRequest(null, Object(Config\Cache), false)
 9 FCPATH\index.php(79): CodeIgniter\CodeIgniter->run()
CRITICAL - 2023-10-12 20:05:59 --> Undefined variable $mensaje
in APPPATH\Views\listado.php on line 80.
 1 APPPATH\Views\listado.php(80): CodeIgniter\Debug\Exceptions->errorHandler(2, 'Undefined variable $mensaje', 'C:\\xampp\\htdocs\\libreria\\app\\Views\\listado.php', 80)
 2 SYSTEMPATH\View\View.php(226): include('C:\\xampp\\htdocs\\libreria\\app\\Views\\listado.php')
 3 SYSTEMPATH\View\View.php(229): CodeIgniter\View\View->CodeIgniter\View\{closure}()
 4 SYSTEMPATH\Common.php(1188): CodeIgniter\View\View->render('listado', [], true)
 5 APPPATH\Controllers\Crud.php(20): view('listado', [...])
 6 SYSTEMPATH\CodeIgniter.php(919): App\Controllers\Crud->index()
 7 SYSTEMPATH\CodeIgniter.php(494): CodeIgniter\CodeIgniter->runController(Object(App\Controllers\Crud))
 8 SYSTEMPATH\CodeIgniter.php(353): CodeIgniter\CodeIgniter->handleRequest(null, Object(Config\Cache), false)
 9 FCPATH\index.php(79): CodeIgniter\CodeIgniter->run()
CRITICAL - 2023-10-12 20:06:00 --> Undefined variable $mensaje
in APPPATH\Views\listado.php on line 80.
 1 APPPATH\Views\listado.php(80): CodeIgniter\Debug\Exceptions->errorHandler(2, 'Undefined variable $mensaje', 'C:\\xampp\\htdocs\\libreria\\app\\Views\\listado.php', 80)
 2 SYSTEMPATH\View\View.php(226): include('C:\\xampp\\htdocs\\libreria\\app\\Views\\listado.php')
 3 SYSTEMPATH\View\View.php(229): CodeIgniter\View\View->CodeIgniter\View\{closure}()
 4 SYSTEMPATH\Common.php(1188): CodeIgniter\View\View->render('listado', [], true)
 5 APPPATH\Controllers\Crud.php(20): view('listado', [...])
 6 SYSTEMPATH\CodeIgniter.php(919): App\Controllers\Crud->index()
 7 SYSTEMPATH\CodeIgniter.php(494): CodeIgniter\CodeIgniter->runController(Object(App\Controllers\Crud))
 8 SYSTEMPATH\CodeIgniter.php(353): CodeIgniter\CodeIgniter->handleRequest(null, Object(Config\Cache), false)
 9 FCPATH\index.php(79): CodeIgniter\CodeIgniter->run()
CRITICAL - 2023-10-12 20:06:00 --> Undefined variable $mensaje
in APPPATH\Views\listado.php on line 80.
 1 APPPATH\Views\listado.php(80): CodeIgniter\Debug\Exceptions->errorHandler(2, 'Undefined variable $mensaje', 'C:\\xampp\\htdocs\\libreria\\app\\Views\\listado.php', 80)
 2 SYSTEMPATH\View\View.php(226): include('C:\\xampp\\htdocs\\libreria\\app\\Views\\listado.php')
 3 SYSTEMPATH\View\View.php(229): CodeIgniter\View\View->CodeIgniter\View\{closure}()
 4 SYSTEMPATH\Common.php(1188): CodeIgniter\View\View->render('listado', [], true)
 5 APPPATH\Controllers\Crud.php(20): view('listado', [...])
 6 SYSTEMPATH\CodeIgniter.php(919): App\Controllers\Crud->index()
 7 SYSTEMPATH\CodeIgniter.php(494): CodeIgniter\CodeIgniter->runController(Object(App\Controllers\Crud))
 8 SYSTEMPATH\CodeIgniter.php(353): CodeIgniter\CodeIgniter->handleRequest(null, Object(Config\Cache), false)
 9 FCPATH\index.php(79): CodeIgniter\CodeIgniter->run()
CRITICAL - 2023-10-12 20:08:20 --> Undefined variable $mensaje
in APPPATH\Views\listado.php on line 80.
 1 APPPATH\Views\listado.php(80): CodeIgniter\Debug\Exceptions->errorHandler(2, 'Undefined variable $mensaje', 'C:\\xampp\\htdocs\\libreria\\app\\Views\\listado.php', 80)
 2 SYSTEMPATH\View\View.php(226): include('C:\\xampp\\htdocs\\libreria\\app\\Views\\listado.php')
 3 SYSTEMPATH\View\View.php(229): CodeIgniter\View\View->CodeIgniter\View\{closure}()
 4 SYSTEMPATH\Common.php(1188): CodeIgniter\View\View->render('listado', [], true)
 5 APPPATH\Controllers\Crud.php(20): view('listado', [...])
 6 SYSTEMPATH\CodeIgniter.php(919): App\Controllers\Crud->index()
 7 SYSTEMPATH\CodeIgniter.php(494): CodeIgniter\CodeIgniter->runController(Object(App\Controllers\Crud))
 8 SYSTEMPATH\CodeIgniter.php(353): CodeIgniter\CodeIgniter->handleRequest(null, Object(Config\Cache), false)
 9 FCPATH\index.php(79): CodeIgniter\CodeIgniter->run()
CRITICAL - 2023-10-12 20:08:20 --> Undefined variable $mensaje
in APPPATH\Views\listado.php on line 80.
 1 APPPATH\Views\listado.php(80): CodeIgniter\Debug\Exceptions->errorHandler(2, 'Undefined variable $mensaje', 'C:\\xampp\\htdocs\\libreria\\app\\Views\\listado.php', 80)
 2 SYSTEMPATH\View\View.php(226): include('C:\\xampp\\htdocs\\libreria\\app\\Views\\listado.php')
 3 SYSTEMPATH\View\View.php(229): CodeIgniter\View\View->CodeIgniter\View\{closure}()
 4 SYSTEMPATH\Common.php(1188): CodeIgniter\View\View->render('listado', [], true)
 5 APPPATH\Controllers\Crud.php(20): view('listado', [...])
 6 SYSTEMPATH\CodeIgniter.php(919): App\Controllers\Crud->index()
 7 SYSTEMPATH\CodeIgniter.php(494): CodeIgniter\CodeIgniter->runController(Object(App\Controllers\Crud))
 8 SYSTEMPATH\CodeIgniter.php(353): CodeIgniter\CodeIgniter->handleRequest(null, Object(Config\Cache), false)
 9 FCPATH\index.php(79): CodeIgniter\CodeIgniter->run()
CRITICAL - 2023-10-12 20:08:20 --> Undefined variable $mensaje
in APPPATH\Views\listado.php on line 80.
 1 APPPATH\Views\listado.php(80): CodeIgniter\Debug\Exceptions->errorHandler(2, 'Undefined variable $mensaje', 'C:\\xampp\\htdocs\\libreria\\app\\Views\\listado.php', 80)
 2 SYSTEMPATH\View\View.php(226): include('C:\\xampp\\htdocs\\libreria\\app\\Views\\listado.php')
 3 SYSTEMPATH\View\View.php(229): CodeIgniter\View\View->CodeIgniter\View\{closure}()
 4 SYSTEMPATH\Common.php(1188): CodeIgniter\View\View->render('listado', [], true)
 5 APPPATH\Controllers\Crud.php(20): view('listado', [...])
 6 SYSTEMPATH\CodeIgniter.php(919): App\Controllers\Crud->index()
 7 SYSTEMPATH\CodeIgniter.php(494): CodeIgniter\CodeIgniter->runController(Object(App\Controllers\Crud))
 8 SYSTEMPATH\CodeIgniter.php(353): CodeIgniter\CodeIgniter->handleRequest(null, Object(Config\Cache), false)
 9 FCPATH\index.php(79): CodeIgniter\CodeIgniter->run()
CRITICAL - 2023-10-12 20:09:29 --> Undefined variable $mensaje
in APPPATH\Views\listado.php on line 80.
 1 APPPATH\Views\listado.php(80): CodeIgniter\Debug\Exceptions->errorHandler(2, 'Undefined variable $mensaje', 'C:\\xampp\\htdocs\\libreria\\app\\Views\\listado.php', 80)
 2 SYSTEMPATH\View\View.php(226): include('C:\\xampp\\htdocs\\libreria\\app\\Views\\listado.php')
 3 SYSTEMPATH\View\View.php(229): CodeIgniter\View\View->CodeIgniter\View\{closure}()
 4 SYSTEMPATH\Common.php(1188): CodeIgniter\View\View->render('listado', [], true)
 5 APPPATH\Controllers\Crud.php(20): view('listado', [...])
 6 SYSTEMPATH\CodeIgniter.php(919): App\Controllers\Crud->index()
 7 SYSTEMPATH\CodeIgniter.php(494): CodeIgniter\CodeIgniter->runController(Object(App\Controllers\Crud))
 8 SYSTEMPATH\CodeIgniter.php(353): CodeIgniter\CodeIgniter->handleRequest(null, Object(Config\Cache), false)
 9 FCPATH\index.php(79): CodeIgniter\CodeIgniter->run()
CRITICAL - 2023-10-12 20:09:32 --> Undefined variable $mensaje
in APPPATH\Views\listado.php on line 80.
 1 APPPATH\Views\listado.php(80): CodeIgniter\Debug\Exceptions->errorHandler(2, 'Undefined variable $mensaje', 'C:\\xampp\\htdocs\\libreria\\app\\Views\\listado.php', 80)
 2 SYSTEMPATH\View\View.php(226): include('C:\\xampp\\htdocs\\libreria\\app\\Views\\listado.php')
 3 SYSTEMPATH\View\View.php(229): CodeIgniter\View\View->CodeIgniter\View\{closure}()
 4 SYSTEMPATH\Common.php(1188): CodeIgniter\View\View->render('listado', [], true)
 5 APPPATH\Controllers\Crud.php(20): view('listado', [...])
 6 SYSTEMPATH\CodeIgniter.php(919): App\Controllers\Crud->index()
 7 SYSTEMPATH\CodeIgniter.php(494): CodeIgniter\CodeIgniter->runController(Object(App\Controllers\Crud))
 8 SYSTEMPATH\CodeIgniter.php(353): CodeIgniter\CodeIgniter->handleRequest(null, Object(Config\Cache), false)
 9 FCPATH\index.php(79): CodeIgniter\CodeIgniter->run()
CRITICAL - 2023-10-12 20:09:32 --> Undefined variable $mensaje
in APPPATH\Views\listado.php on line 80.
 1 APPPATH\Views\listado.php(80): CodeIgniter\Debug\Exceptions->errorHandler(2, 'Undefined variable $mensaje', 'C:\\xampp\\htdocs\\libreria\\app\\Views\\listado.php', 80)
 2 SYSTEMPATH\View\View.php(226): include('C:\\xampp\\htdocs\\libreria\\app\\Views\\listado.php')
 3 SYSTEMPATH\View\View.php(229): CodeIgniter\View\View->CodeIgniter\View\{closure}()
 4 SYSTEMPATH\Common.php(1188): CodeIgniter\View\View->render('listado', [], true)
 5 APPPATH\Controllers\Crud.php(20): view('listado', [...])
 6 SYSTEMPATH\CodeIgniter.php(919): App\Controllers\Crud->index()
 7 SYSTEMPATH\CodeIgniter.php(494): CodeIgniter\CodeIgniter->runController(Object(App\Controllers\Crud))
 8 SYSTEMPATH\CodeIgniter.php(353): CodeIgniter\CodeIgniter->handleRequest(null, Object(Config\Cache), false)
 9 FCPATH\index.php(79): CodeIgniter\CodeIgniter->run()
CRITICAL - 2023-10-12 20:09:32 --> Undefined variable $mensaje
in APPPATH\Views\listado.php on line 80.
 1 APPPATH\Views\listado.php(80): CodeIgniter\Debug\Exceptions->errorHandler(2, 'Undefined variable $mensaje', 'C:\\xampp\\htdocs\\libreria\\app\\Views\\listado.php', 80)
 2 SYSTEMPATH\View\View.php(226): include('C:\\xampp\\htdocs\\libreria\\app\\Views\\listado.php')
 3 SYSTEMPATH\View\View.php(229): CodeIgniter\View\View->CodeIgniter\View\{closure}()
 4 SYSTEMPATH\Common.php(1188): CodeIgniter\View\View->render('listado', [], true)
 5 APPPATH\Controllers\Crud.php(20): view('listado', [...])
 6 SYSTEMPATH\CodeIgniter.php(919): App\Controllers\Crud->index()
 7 SYSTEMPATH\CodeIgniter.php(494): CodeIgniter\CodeIgniter->runController(Object(App\Controllers\Crud))
 8 SYSTEMPATH\CodeIgniter.php(353): CodeIgniter\CodeIgniter->handleRequest(null, Object(Config\Cache), false)
 9 FCPATH\index.php(79): CodeIgniter\CodeIgniter->run()
CRITICAL - 2023-10-12 20:09:32 --> Undefined variable $mensaje
in APPPATH\Views\listado.php on line 80.
 1 APPPATH\Views\listado.php(80): CodeIgniter\Debug\Exceptions->errorHandler(2, 'Undefined variable $mensaje', 'C:\\xampp\\htdocs\\libreria\\app\\Views\\listado.php', 80)
 2 SYSTEMPATH\View\View.php(226): include('C:\\xampp\\htdocs\\libreria\\app\\Views\\listado.php')
 3 SYSTEMPATH\View\View.php(229): CodeIgniter\View\View->CodeIgniter\View\{closure}()
 4 SYSTEMPATH\Common.php(1188): CodeIgniter\View\View->render('listado', [], true)
 5 APPPATH\Controllers\Crud.php(20): view('listado', [...])
 6 SYSTEMPATH\CodeIgniter.php(919): App\Controllers\Crud->index()
 7 SYSTEMPATH\CodeIgniter.php(494): CodeIgniter\CodeIgniter->runController(Object(App\Controllers\Crud))
 8 SYSTEMPATH\CodeIgniter.php(353): CodeIgniter\CodeIgniter->handleRequest(null, Object(Config\Cache), false)
 9 FCPATH\index.php(79): CodeIgniter\CodeIgniter->run()
CRITICAL - 2023-10-12 20:09:32 --> Undefined variable $mensaje
in APPPATH\Views\listado.php on line 80.
 1 APPPATH\Views\listado.php(80): CodeIgniter\Debug\Exceptions->errorHandler(2, 'Undefined variable $mensaje', 'C:\\xampp\\htdocs\\libreria\\app\\Views\\listado.php', 80)
 2 SYSTEMPATH\View\View.php(226): include('C:\\xampp\\htdocs\\libreria\\app\\Views\\listado.php')
 3 SYSTEMPATH\View\View.php(229): CodeIgniter\View\View->CodeIgniter\View\{closure}()
 4 SYSTEMPATH\Common.php(1188): CodeIgniter\View\View->render('listado', [], true)
 5 APPPATH\Controllers\Crud.php(20): view('listado', [...])
 6 SYSTEMPATH\CodeIgniter.php(919): App\Controllers\Crud->index()
 7 SYSTEMPATH\CodeIgniter.php(494): CodeIgniter\CodeIgniter->runController(Object(App\Controllers\Crud))
 8 SYSTEMPATH\CodeIgniter.php(353): CodeIgniter\CodeIgniter->handleRequest(null, Object(Config\Cache), false)
 9 FCPATH\index.php(79): CodeIgniter\CodeIgniter->run()
CRITICAL - 2023-10-12 20:09:32 --> Undefined variable $mensaje
in APPPATH\Views\listado.php on line 80.
 1 APPPATH\Views\listado.php(80): CodeIgniter\Debug\Exceptions->errorHandler(2, 'Undefined variable $mensaje', 'C:\\xampp\\htdocs\\libreria\\app\\Views\\listado.php', 80)
 2 SYSTEMPATH\View\View.php(226): include('C:\\xampp\\htdocs\\libreria\\app\\Views\\listado.php')
 3 SYSTEMPATH\View\View.php(229): CodeIgniter\View\View->CodeIgniter\View\{closure}()
 4 SYSTEMPATH\Common.php(1188): CodeIgniter\View\View->render('listado', [], true)
 5 APPPATH\Controllers\Crud.php(20): view('listado', [...])
 6 SYSTEMPATH\CodeIgniter.php(919): App\Controllers\Crud->index()
 7 SYSTEMPATH\CodeIgniter.php(494): CodeIgniter\CodeIgniter->runController(Object(App\Controllers\Crud))
 8 SYSTEMPATH\CodeIgniter.php(353): CodeIgniter\CodeIgniter->handleRequest(null, Object(Config\Cache), false)
 9 FCPATH\index.php(79): CodeIgniter\CodeIgniter->run()
CRITICAL - 2023-10-12 20:09:33 --> Undefined variable $mensaje
in APPPATH\Views\listado.php on line 80.
 1 APPPATH\Views\listado.php(80): CodeIgniter\Debug\Exceptions->errorHandler(2, 'Undefined variable $mensaje', 'C:\\xampp\\htdocs\\libreria\\app\\Views\\listado.php', 80)
 2 SYSTEMPATH\View\View.php(226): include('C:\\xampp\\htdocs\\libreria\\app\\Views\\listado.php')
 3 SYSTEMPATH\View\View.php(229): CodeIgniter\View\View->CodeIgniter\View\{closure}()
 4 SYSTEMPATH\Common.php(1188): CodeIgniter\View\View->render('listado', [], true)
 5 APPPATH\Controllers\Crud.php(20): view('listado', [...])
 6 SYSTEMPATH\CodeIgniter.php(919): App\Controllers\Crud->index()
 7 SYSTEMPATH\CodeIgniter.php(494): CodeIgniter\CodeIgniter->runController(Object(App\Controllers\Crud))
 8 SYSTEMPATH\CodeIgniter.php(353): CodeIgniter\CodeIgniter->handleRequest(null, Object(Config\Cache), false)
 9 FCPATH\index.php(79): CodeIgniter\CodeIgniter->run()
CRITICAL - 2023-10-12 20:09:33 --> Undefined variable $mensaje
in APPPATH\Views\listado.php on line 80.
 1 APPPATH\Views\listado.php(80): CodeIgniter\Debug\Exceptions->errorHandler(2, 'Undefined variable $mensaje', 'C:\\xampp\\htdocs\\libreria\\app\\Views\\listado.php', 80)
 2 SYSTEMPATH\View\View.php(226): include('C:\\xampp\\htdocs\\libreria\\app\\Views\\listado.php')
 3 SYSTEMPATH\View\View.php(229): CodeIgniter\View\View->CodeIgniter\View\{closure}()
 4 SYSTEMPATH\Common.php(1188): CodeIgniter\View\View->render('listado', [], true)
 5 APPPATH\Controllers\Crud.php(20): view('listado', [...])
 6 SYSTEMPATH\CodeIgniter.php(919): App\Controllers\Crud->index()
 7 SYSTEMPATH\CodeIgniter.php(494): CodeIgniter\CodeIgniter->runController(Object(App\Controllers\Crud))
 8 SYSTEMPATH\CodeIgniter.php(353): CodeIgniter\CodeIgniter->handleRequest(null, Object(Config\Cache), false)
 9 FCPATH\index.php(79): CodeIgniter\CodeIgniter->run()
CRITICAL - 2023-10-12 20:09:33 --> Undefined variable $mensaje
in APPPATH\Views\listado.php on line 80.
 1 APPPATH\Views\listado.php(80): CodeIgniter\Debug\Exceptions->errorHandler(2, 'Undefined variable $mensaje', 'C:\\xampp\\htdocs\\libreria\\app\\Views\\listado.php', 80)
 2 SYSTEMPATH\View\View.php(226): include('C:\\xampp\\htdocs\\libreria\\app\\Views\\listado.php')
 3 SYSTEMPATH\View\View.php(229): CodeIgniter\View\View->CodeIgniter\View\{closure}()
 4 SYSTEMPATH\Common.php(1188): CodeIgniter\View\View->render('listado', [], true)
 5 APPPATH\Controllers\Crud.php(20): view('listado', [...])
 6 SYSTEMPATH\CodeIgniter.php(919): App\Controllers\Crud->index()
 7 SYSTEMPATH\CodeIgniter.php(494): CodeIgniter\CodeIgniter->runController(Object(App\Controllers\Crud))
 8 SYSTEMPATH\CodeIgniter.php(353): CodeIgniter\CodeIgniter->handleRequest(null, Object(Config\Cache), false)
 9 FCPATH\index.php(79): CodeIgniter\CodeIgniter->run()
CRITICAL - 2023-10-12 20:09:33 --> Undefined variable $mensaje
in APPPATH\Views\listado.php on line 80.
 1 APPPATH\Views\listado.php(80): CodeIgniter\Debug\Exceptions->errorHandler(2, 'Undefined variable $mensaje', 'C:\\xampp\\htdocs\\libreria\\app\\Views\\listado.php', 80)
 2 SYSTEMPATH\View\View.php(226): include('C:\\xampp\\htdocs\\libreria\\app\\Views\\listado.php')
 3 SYSTEMPATH\View\View.php(229): CodeIgniter\View\View->CodeIgniter\View\{closure}()
 4 SYSTEMPATH\Common.php(1188): CodeIgniter\View\View->render('listado', [], true)
 5 APPPATH\Controllers\Crud.php(20): view('listado', [...])
 6 SYSTEMPATH\CodeIgniter.php(919): App\Controllers\Crud->index()
 7 SYSTEMPATH\CodeIgniter.php(494): CodeIgniter\CodeIgniter->runController(Object(App\Controllers\Crud))
 8 SYSTEMPATH\CodeIgniter.php(353): CodeIgniter\CodeIgniter->handleRequest(null, Object(Config\Cache), false)
 9 FCPATH\index.php(79): CodeIgniter\CodeIgniter->run()
CRITICAL - 2023-10-12 20:09:33 --> Undefined variable $mensaje
in APPPATH\Views\listado.php on line 80.
 1 APPPATH\Views\listado.php(80): CodeIgniter\Debug\Exceptions->errorHandler(2, 'Undefined variable $mensaje', 'C:\\xampp\\htdocs\\libreria\\app\\Views\\listado.php', 80)
 2 SYSTEMPATH\View\View.php(226): include('C:\\xampp\\htdocs\\libreria\\app\\Views\\listado.php')
 3 SYSTEMPATH\View\View.php(229): CodeIgniter\View\View->CodeIgniter\View\{closure}()
 4 SYSTEMPATH\Common.php(1188): CodeIgniter\View\View->render('listado', [], true)
 5 APPPATH\Controllers\Crud.php(20): view('listado', [...])
 6 SYSTEMPATH\CodeIgniter.php(919): App\Controllers\Crud->index()
 7 SYSTEMPATH\CodeIgniter.php(494): CodeIgniter\CodeIgniter->runController(Object(App\Controllers\Crud))
 8 SYSTEMPATH\CodeIgniter.php(353): CodeIgniter\CodeIgniter->handleRequest(null, Object(Config\Cache), false)
 9 FCPATH\index.php(79): CodeIgniter\CodeIgniter->run()
CRITICAL - 2023-10-12 20:09:34 --> Undefined variable $mensaje
in APPPATH\Views\listado.php on line 80.
 1 APPPATH\Views\listado.php(80): CodeIgniter\Debug\Exceptions->errorHandler(2, 'Undefined variable $mensaje', 'C:\\xampp\\htdocs\\libreria\\app\\Views\\listado.php', 80)
 2 SYSTEMPATH\View\View.php(226): include('C:\\xampp\\htdocs\\libreria\\app\\Views\\listado.php')
 3 SYSTEMPATH\View\View.php(229): CodeIgniter\View\View->CodeIgniter\View\{closure}()
 4 SYSTEMPATH\Common.php(1188): CodeIgniter\View\View->render('listado', [], true)
 5 APPPATH\Controllers\Crud.php(20): view('listado', [...])
 6 SYSTEMPATH\CodeIgniter.php(919): App\Controllers\Crud->index()
 7 SYSTEMPATH\CodeIgniter.php(494): CodeIgniter\CodeIgniter->runController(Object(App\Controllers\Crud))
 8 SYSTEMPATH\CodeIgniter.php(353): CodeIgniter\CodeIgniter->handleRequest(null, Object(Config\Cache), false)
 9 FCPATH\index.php(79): CodeIgniter\CodeIgniter->run()
CRITICAL - 2023-10-12 20:09:34 --> Undefined variable $mensaje
in APPPATH\Views\listado.php on line 80.
 1 APPPATH\Views\listado.php(80): CodeIgniter\Debug\Exceptions->errorHandler(2, 'Undefined variable $mensaje', 'C:\\xampp\\htdocs\\libreria\\app\\Views\\listado.php', 80)
 2 SYSTEMPATH\View\View.php(226): include('C:\\xampp\\htdocs\\libreria\\app\\Views\\listado.php')
 3 SYSTEMPATH\View\View.php(229): CodeIgniter\View\View->CodeIgniter\View\{closure}()
 4 SYSTEMPATH\Common.php(1188): CodeIgniter\View\View->render('listado', [], true)
 5 APPPATH\Controllers\Crud.php(20): view('listado', [...])
 6 SYSTEMPATH\CodeIgniter.php(919): App\Controllers\Crud->index()
 7 SYSTEMPATH\CodeIgniter.php(494): CodeIgniter\CodeIgniter->runController(Object(App\Controllers\Crud))
 8 SYSTEMPATH\CodeIgniter.php(353): CodeIgniter\CodeIgniter->handleRequest(null, Object(Config\Cache), false)
 9 FCPATH\index.php(79): CodeIgniter\CodeIgniter->run()
CRITICAL - 2023-10-12 20:09:34 --> Undefined variable $mensaje
in APPPATH\Views\listado.php on line 80.
 1 APPPATH\Views\listado.php(80): CodeIgniter\Debug\Exceptions->errorHandler(2, 'Undefined variable $mensaje', 'C:\\xampp\\htdocs\\libreria\\app\\Views\\listado.php', 80)
 2 SYSTEMPATH\View\View.php(226): include('C:\\xampp\\htdocs\\libreria\\app\\Views\\listado.php')
 3 SYSTEMPATH\View\View.php(229): CodeIgniter\View\View->CodeIgniter\View\{closure}()
 4 SYSTEMPATH\Common.php(1188): CodeIgniter\View\View->render('listado', [], true)
 5 APPPATH\Controllers\Crud.php(20): view('listado', [...])
 6 SYSTEMPATH\CodeIgniter.php(919): App\Controllers\Crud->index()
 7 SYSTEMPATH\CodeIgniter.php(494): CodeIgniter\CodeIgniter->runController(Object(App\Controllers\Crud))
 8 SYSTEMPATH\CodeIgniter.php(353): CodeIgniter\CodeIgniter->handleRequest(null, Object(Config\Cache), false)
 9 FCPATH\index.php(79): CodeIgniter\CodeIgniter->run()
CRITICAL - 2023-10-12 20:09:44 --> Undefined array key "lib_nombre"
in APPPATH\Controllers\Crud.php on line 25.
 1 APPPATH\Controllers\Crud.php(25): CodeIgniter\Debug\Exceptions->errorHandler(2, 'Undefined array key "lib_nombre"', 'C:\\xampp\\htdocs\\libreria\\app\\Controllers\\Crud.php', 25)
 2 SYSTEMPATH\CodeIgniter.php(919): App\Controllers\Crud->crear()
 3 SYSTEMPATH\CodeIgniter.php(494): CodeIgniter\CodeIgniter->runController(Object(App\Controllers\Crud))
 4 SYSTEMPATH\CodeIgniter.php(353): CodeIgniter\CodeIgniter->handleRequest(null, Object(Config\Cache), false)
 5 FCPATH\index.php(79): CodeIgniter\CodeIgniter->run()
CRITICAL - 2023-10-12 20:11:20 --> Undefined array key "lib_nombre"
in APPPATH\Controllers\Crud.php on line 25.
 1 APPPATH\Controllers\Crud.php(25): CodeIgniter\Debug\Exceptions->errorHandler(2, 'Undefined array key "lib_nombre"', 'C:\\xampp\\htdocs\\libreria\\app\\Controllers\\Crud.php', 25)
 2 SYSTEMPATH\CodeIgniter.php(919): App\Controllers\Crud->crear()
 3 SYSTEMPATH\CodeIgniter.php(494): CodeIgniter\CodeIgniter->runController(Object(App\Controllers\Crud))
 4 SYSTEMPATH\CodeIgniter.php(353): CodeIgniter\CodeIgniter->handleRequest(null, Object(Config\Cache), false)
 5 FCPATH\index.php(79): CodeIgniter\CodeIgniter->run()
ERROR - 2023-10-12 20:14:10 --> mysqli_sql_exception: Unknown column 'nombre' in 'field list' in C:\xampp\htdocs\libreria\system\Database\MySQLi\Connection.php:306
Stack trace:
#0 C:\xampp\htdocs\libreria\system\Database\MySQLi\Connection.php(306): mysqli->query('INSERT INTO `li...', 0)
#1 C:\xampp\htdocs\libreria\system\Database\BaseConnection.php(692): CodeIgniter\Database\MySQLi\Connection->execute('INSERT INTO `li...')
#2 C:\xampp\htdocs\libreria\system\Database\BaseConnection.php(606): CodeIgniter\Database\BaseConnection->simpleQuery('INSERT INTO `li...')
#3 C:\xampp\htdocs\libreria\system\Database\BaseBuilder.php(2308): CodeIgniter\Database\BaseConnection->query('INSERT INTO `li...', Array, false)
#4 C:\xampp\htdocs\libreria\app\Models\crudModel.php(14): CodeIgniter\Database\BaseBuilder->insert(Array)
#5 C:\xampp\htdocs\libreria\app\Controllers\Crud.php(30): App\Models\CrudModel->insertar(Array)
#6 C:\xampp\htdocs\libreria\system\CodeIgniter.php(919): App\Controllers\Crud->crear()
#7 C:\xampp\htdocs\libreria\system\CodeIgniter.php(494): CodeIgniter\CodeIgniter->runController(Object(App\Controllers\Crud))
#8 C:\xampp\htdocs\libreria\system\CodeIgniter.php(353): CodeIgniter\CodeIgniter->handleRequest(NULL, Object(Config\Cache), false)
#9 C:\xampp\htdocs\libreria\index.php(79): CodeIgniter\CodeIgniter->run()
#10 {main}
CRITICAL - 2023-10-12 20:14:10 --> Unknown column 'nombre' in 'field list'
in SYSTEMPATH\Database\BaseConnection.php on line 646.
 1 SYSTEMPATH\Database\BaseBuilder.php(2308): CodeIgniter\Database\BaseConnection->query('INSERT INTO `libros` (`nombre`, `autor`, `fecha`) VALUES (:nombre:, :autor:, :fecha:)', [...], false)
 2 APPPATH\Models\crudModel.php(14): CodeIgniter\Database\BaseBuilder->insert([...])
 3 APPPATH\Controllers\Crud.php(30): App\Models\CrudModel->insertar([...])
 4 SYSTEMPATH\CodeIgniter.php(919): App\Controllers\Crud->crear()
 5 SYSTEMPATH\CodeIgniter.php(494): CodeIgniter\CodeIgniter->runController(Object(App\Controllers\Crud))
 6 SYSTEMPATH\CodeIgniter.php(353): CodeIgniter\CodeIgniter->handleRequest(null, Object(Config\Cache), false)
 7 FCPATH\index.php(79): CodeIgniter\CodeIgniter->run()
CRITICAL - 2023-10-12 20:15:16 --> Array to string conversion
in APPPATH\Controllers\Crud.php on line 29.
 1 APPPATH\Controllers\Crud.php(29): CodeIgniter\Debug\Exceptions->errorHandler(2, 'Array to string conversion', 'C:\\xampp\\htdocs\\libreria\\app\\Controllers\\Crud.php', 29)
 2 SYSTEMPATH\CodeIgniter.php(919): App\Controllers\Crud->crear()
 3 SYSTEMPATH\CodeIgniter.php(494): CodeIgniter\CodeIgniter->runController(Object(App\Controllers\Crud))
 4 SYSTEMPATH\CodeIgniter.php(353): CodeIgniter\CodeIgniter->handleRequest(null, Object(Config\Cache), false)
 5 FCPATH\index.php(79): CodeIgniter\CodeIgniter->run()
CRITICAL - 2023-10-12 20:15:51 --> Undefined variable $nombre
in APPPATH\Controllers\Crud.php on line 29.
 1 APPPATH\Controllers\Crud.php(29): CodeIgniter\Debug\Exceptions->errorHandler(2, 'Undefined variable $nombre', 'C:\\xampp\\htdocs\\libreria\\app\\Controllers\\Crud.php', 29)
 2 SYSTEMPATH\CodeIgniter.php(919): App\Controllers\Crud->crear()
 3 SYSTEMPATH\CodeIgniter.php(494): CodeIgniter\CodeIgniter->runController(Object(App\Controllers\Crud))
 4 SYSTEMPATH\CodeIgniter.php(353): CodeIgniter\CodeIgniter->handleRequest(null, Object(Config\Cache), false)
 5 FCPATH\index.php(79): CodeIgniter\CodeIgniter->run()
CRITICAL - 2023-10-12 20:16:10 --> Cannot use [] for reading
in APPPATH\Controllers\Crud.php on line 29.
 1 [internal function]: CodeIgniter\Debug\Exceptions->shutdownHandler()
CRITICAL - 2023-10-12 20:16:20 --> Undefined array key 0
in APPPATH\Controllers\Crud.php on line 29.
 1 APPPATH\Controllers\Crud.php(29): CodeIgniter\Debug\Exceptions->errorHandler(2, 'Undefined array key 0', 'C:\\xampp\\htdocs\\libreria\\app\\Controllers\\Crud.php', 29)
 2 SYSTEMPATH\CodeIgniter.php(919): App\Controllers\Crud->crear()
 3 SYSTEMPATH\CodeIgniter.php(494): CodeIgniter\CodeIgniter->runController(Object(App\Controllers\Crud))
 4 SYSTEMPATH\CodeIgniter.php(353): CodeIgniter\CodeIgniter->handleRequest(null, Object(Config\Cache), false)
 5 FCPATH\index.php(79): CodeIgniter\CodeIgniter->run()
CRITICAL - 2023-10-12 20:17:53 --> Undefined array key 0
in APPPATH\Controllers\Crud.php on line 29.
 1 APPPATH\Controllers\Crud.php(29): CodeIgniter\Debug\Exceptions->errorHandler(2, 'Undefined array key 0', 'C:\\xampp\\htdocs\\libreria\\app\\Controllers\\Crud.php', 29)
 2 SYSTEMPATH\CodeIgniter.php(919): App\Controllers\Crud->crear()
 3 SYSTEMPATH\CodeIgniter.php(494): CodeIgniter\CodeIgniter->runController(Object(App\Controllers\Crud))
 4 SYSTEMPATH\CodeIgniter.php(353): CodeIgniter\CodeIgniter->handleRequest(null, Object(Config\Cache), false)
 5 FCPATH\index.php(79): CodeIgniter\CodeIgniter->run()
ERROR - 2023-10-12 20:24:57 --> mysqli_sql_exception: Table 'libros' already exists in C:\xampp\htdocs\libreria\system\Database\MySQLi\Connection.php:306
Stack trace:
#0 C:\xampp\htdocs\libreria\system\Database\MySQLi\Connection.php(306): mysqli->query('CREATE TABLE `l...', 0)
#1 C:\xampp\htdocs\libreria\system\Database\BaseConnection.php(692): CodeIgniter\Database\MySQLi\Connection->execute('CREATE TABLE `l...')
#2 C:\xampp\htdocs\libreria\system\Database\BaseConnection.php(606): CodeIgniter\Database\BaseConnection->simpleQuery('CREATE TABLE `l...')
#3 C:\xampp\htdocs\libreria\system\Database\Forge.php(546): CodeIgniter\Database\BaseConnection->query('CREATE TABLE `l...')
#4 C:\xampp\htdocs\libreria\app\Database\Migrations\2023-10-12-202118_Libros.php(32): CodeIgniter\Database\Forge->createTable('libros')
#5 C:\xampp\htdocs\libreria\system\Database\MigrationRunner.php(877): App\Database\Migrations\Libros->up()
#6 C:\xampp\htdocs\libreria\system\Database\MigrationRunner.php(188): CodeIgniter\Database\MigrationRunner->migrate('up', Object(stdClass))
#7 C:\xampp\htdocs\libreria\system\Commands\Database\Migrate.php(84): CodeIgniter\Database\MigrationRunner->latest(NULL)
#8 C:\xampp\htdocs\libreria\system\CLI\Commands.php(65): CodeIgniter\Commands\Database\Migrate->run(Array)
#9 C:\xampp\htdocs\libreria\system\CLI\Console.php(37): CodeIgniter\CLI\Commands->run('migrate', Array)
#10 C:\xampp\htdocs\libreria\spark(102): CodeIgniter\CLI\Console->run()
#11 {main}
